The target system is: Linux - 1 - RISCV
The host system is: Linux - 5.15.0-78-generic - x86_64
Compiling the C compiler identification source file "CMakeCCompilerId.c" succeeded.
Compiler: /home/seahi/workspace/Ai-M6x/AiPi-Open-Kits/aithinker_Ai-M6X_SDK/toolchain/bin/riscv64-unknown-elf-gcc 
Build flags: 
Id flags:  

The output was:
0


Compilation of the C compiler identification source "CMakeCCompilerId.c" produced "a.out"

The C compiler identification is GNU, found in "/home/seahi/workspace/Ai-M6x/AiPi-Open-Kits/aithinker_Ai-M6X_SDK/examples/wifi/sta/wifi_mqtt_pub/build/CMakeFiles/3.25.1/CompilerIdC/a.out"

Compiling the CXX compiler identification source file "CMakeCXXCompilerId.cpp" succeeded.
Compiler: /home/seahi/workspace/Ai-M6x/AiPi-Open-Kits/aithinker_Ai-M6X_SDK/toolchain/bin/riscv64-unknown-elf-g++ 
Build flags: 
Id flags:  

The output was:
0


Compilation of the CXX compiler identification source "CMakeCXXCompilerId.cpp" produced "a.out"

The CXX compiler identification is GNU, found in "/home/seahi/workspace/Ai-M6x/AiPi-Open-Kits/aithinker_Ai-M6X_SDK/examples/wifi/sta/wifi_mqtt_pub/build/CMakeFiles/3.25.1/CompilerIdCXX/a.out"

Checking whether the ASM compiler is GNU using "--version" matched "(GNU assembler)|(GCC)|(Free Software Foundation)":
riscv64-unknown-elf-gcc (Xuantie-900 elf newlib gcc Toolchain V2.6.1 B-20220906) 10.2.0
Copyright (C) 2020 Free Software Foundation, Inc.
This is free software; see the source for copying conditions.  There is NO
warranty; not even for MERCHANTABILITY or FITNESS FOR A PARTICULAR PURPOSE.

Detecting C compiler ABI info compiled with the following output:
Change Dir: /home/seahi/workspace/Ai-M6x/AiPi-Open-Kits/aithinker_Ai-M6X_SDK/examples/wifi/sta/wifi_mqtt_pub/build/CMakeFiles/CMakeScratch/TryCompile-GsaIIX

Run Build Command(s):/bin/make -f Makefile cmTC_dfbe9/fast && make[1]: Entering directory '/home/seahi/workspace/Ai-M6x/AiPi-Open-Kits/aithinker_Ai-M6X_SDK/examples/wifi/sta/wifi_mqtt_pub/build/CMakeFiles/CMakeScratch/TryCompile-GsaIIX'
/bin/make  -f CMakeFiles/cmTC_dfbe9.dir/build.make CMakeFiles/cmTC_dfbe9.dir/build
make[2]: Entering directory '/home/seahi/workspace/Ai-M6x/AiPi-Open-Kits/aithinker_Ai-M6X_SDK/examples/wifi/sta/wifi_mqtt_pub/build/CMakeFiles/CMakeScratch/TryCompile-GsaIIX'
Building C object CMakeFiles/cmTC_dfbe9.dir/CMakeCCompilerABI.c.o
/home/seahi/workspace/Ai-M6x/AiPi-Open-Kits/aithinker_Ai-M6X_SDK/toolchain/bin/riscv64-unknown-elf-gcc   -v -o CMakeFiles/cmTC_dfbe9.dir/CMakeCCompilerABI.c.o -c /home/seahi/workspace/Ai-M6x/AiPi-Open-Kits/aithinker_Ai-M6X_SDK/tools/cmake/share/cmake-3.25/Modules/CMakeCCompilerABI.c
Using built-in specs.
COLLECT_GCC=/home/seahi/workspace/Ai-M6x/AiPi-Open-Kits/aithinker_Ai-M6X_SDK/toolchain/bin/riscv64-unknown-elf-gcc
Target: riscv64-unknown-elf
Configured with: /mnt/ssd/jenkins_iotsw/slave/workspace/Toolchain/build-gnu-riscv/./source/riscv/riscv-gcc/configure --target=riscv64-unknown-elf --with-gmp=/mnt/ssd/jenkins_iotsw/slave/workspace/Toolchain/build-gnu-riscv/build-gcc-riscv64-unknown-elf/build-Xuantie-900-gcc-elf-newlib-x86_64-V2.6.1/lib-for-gcc-x86_64-linux --with-mpfr=/mnt/ssd/jenkins_iotsw/slave/workspace/Toolchain/build-gnu-riscv/build-gcc-riscv64-unknown-elf/build-Xuantie-900-gcc-elf-newlib-x86_64-V2.6.1/lib-for-gcc-x86_64-linux --with-mpc=/mnt/ssd/jenkins_iotsw/slave/workspace/Toolchain/build-gnu-riscv/build-gcc-riscv64-unknown-elf/build-Xuantie-900-gcc-elf-newlib-x86_64-V2.6.1/lib-for-gcc-x86_64-linux --with-libexpat-prefix=/mnt/ssd/jenkins_iotsw/slave/workspace/Toolchain/build-gnu-riscv/build-gcc-riscv64-unknown-elf/build-Xuantie-900-gcc-elf-newlib-x86_64-V2.6.1/lib-for-gcc-x86_64-linux --with-libmpfr-prefix=/mnt/ssd/jenkins_iotsw/slave/workspace/Toolchain/build-gnu-riscv/build-gcc-riscv64-unknown-elf/build-Xuantie-900-gcc-elf-newlib-x86_64-V2.6.1/lib-for-gcc-x86_64-linux --with-pkgversion='Xuantie-900 elf newlib gcc Toolchain V2.6.1 B-20220906' CXXFLAGS='-g -O2 -DTHEAD_VERSION_NUMBER=2.6.1 ' --enable-libgcctf --prefix=/mnt/ssd/jenkins_iotsw/slave/workspace/Toolchain/build-gnu-riscv/build-gcc-riscv64-unknown-elf/Xuantie-900-gcc-elf-newlib-x86_64-V2.6.1 --disable-shared --enable-threads=posix --enable-languages=c,c++ --with-system-zlib --enable-tls --with-newlib --with-sysroot=/mnt/ssd/jenkins_iotsw/slave/workspace/Toolchain/build-gnu-riscv/build-gcc-riscv64-unknown-elf/Xuantie-900-gcc-elf-newlib-x86_64-V2.6.1/riscv64-unknown-elf --with-native-system-header-dir=/include --disable-libmudflap --disable-libssp --disable-libquadmath --disable-libgomp --disable-nls --disable-tm-clone-registry --src=/mnt/ssd/jenkins_iotsw/slave/workspace/Toolchain/build-gnu-riscv/./source/riscv/riscv-gcc --enable-multilib --with-abi=lp64d --with-arch=rv64gcxthead 'CFLAGS_FOR_TARGET=-Os   -mcmodel=medany' 'CXXFLAGS_FOR_TARGET=-Os   -mcmodel=medany'
Thread model: posix
Supported LTO compression algorithms: zlib
gcc version 10.2.0 (Xuantie-900 elf newlib gcc Toolchain V2.6.1 B-20220906) 
COLLECT_GCC_OPTIONS='-v' '-o' 'CMakeFiles/cmTC_dfbe9.dir/CMakeCCompilerABI.c.o' '-c' '-march=rv64gcxthead' '-mabi=lp64d' '-march=rv64imafdc_xtheadc'
 /home/seahi/workspace/Ai-M6x/AiPi-Open-Kits/aithinker_Ai-M6X_SDK/toolchain/bin/../libexec/gcc/riscv64-unknown-elf/10.2.0/cc1 -quiet -v -imultilib rv64imafdc_zfh_xtheadc/lp64d -iprefix /home/seahi/workspace/Ai-M6x/AiPi-Open-Kits/aithinker_Ai-M6X_SDK/toolchain/bin/../lib/gcc/riscv64-unknown-elf/10.2.0/ -isysroot /home/seahi/workspace/Ai-M6x/AiPi-Open-Kits/aithinker_Ai-M6X_SDK/toolchain/bin/../riscv64-unknown-elf /home/seahi/workspace/Ai-M6x/AiPi-Open-Kits/aithinker_Ai-M6X_SDK/tools/cmake/share/cmake-3.25/Modules/CMakeCCompilerABI.c -quiet -dumpbase CMakeCCompilerABI.c -march=rv64gcxthead -mabi=lp64d -march=rv64imafdc_xtheadc -auxbase-strip CMakeFiles/cmTC_dfbe9.dir/CMakeCCompilerABI.c.o -version -o /tmp/ccXKj8PZ.s
GNU C17 (Xuantie-900 elf newlib gcc Toolchain V2.6.1 B-20220906) version 10.2.0 (riscv64-unknown-elf)
	compiled by GNU C version 6.4.0, GMP version 6.2.0, MPFR version 4.0.2, MPC version 1.1.0, isl version none
GGC heuristics: --param ggc-min-expand=100 --param ggc-min-heapsize=131072
ignoring duplicate directory "/home/seahi/workspace/Ai-M6x/AiPi-Open-Kits/aithinker_Ai-M6X_SDK/toolchain/bin/../lib/gcc/../../lib/gcc/riscv64-unknown-elf/10.2.0/include"
ignoring nonexistent directory "/home/seahi/workspace/Ai-M6x/AiPi-Open-Kits/aithinker_Ai-M6X_SDK/toolchain/bin/../riscv64-unknown-elf/usr/local/include"
ignoring duplicate directory "/home/seahi/workspace/Ai-M6x/AiPi-Open-Kits/aithinker_Ai-M6X_SDK/toolchain/bin/../lib/gcc/../../lib/gcc/riscv64-unknown-elf/10.2.0/include-fixed"
ignoring duplicate directory "/home/seahi/workspace/Ai-M6x/AiPi-Open-Kits/aithinker_Ai-M6X_SDK/toolchain/bin/../lib/gcc/../../lib/gcc/riscv64-unknown-elf/10.2.0/../../../../riscv64-unknown-elf/include"
ignoring duplicate directory "/home/seahi/workspace/Ai-M6x/AiPi-Open-Kits/aithinker_Ai-M6X_SDK/toolchain/bin/../riscv64-unknown-elf/include"
#include "..." search starts here:
#include <...> search starts here:
 /home/seahi/workspace/Ai-M6x/AiPi-Open-Kits/aithinker_Ai-M6X_SDK/toolchain/bin/../lib/gcc/riscv64-unknown-elf/10.2.0/include
 /home/seahi/workspace/Ai-M6x/AiPi-Open-Kits/aithinker_Ai-M6X_SDK/toolchain/bin/../lib/gcc/riscv64-unknown-elf/10.2.0/include-fixed
 /home/seahi/workspace/Ai-M6x/AiPi-Open-Kits/aithinker_Ai-M6X_SDK/toolchain/bin/../lib/gcc/riscv64-unknown-elf/10.2.0/../../../../riscv64-unknown-elf/include
End of search list.
GNU C17 (Xuantie-900 elf newlib gcc Toolchain V2.6.1 B-20220906) version 10.2.0 (riscv64-unknown-elf)
	compiled by GNU C version 6.4.0, GMP version 6.2.0, MPFR version 4.0.2, MPC version 1.1.0, isl version none
GGC heuristics: --param ggc-min-expand=100 --param ggc-min-heapsize=131072
Compiler executable checksum: d4902f1ec543c8b1ce8bb3832d5a3c2b
COLLECT_GCC_OPTIONS='-v' '-o' 'CMakeFiles/cmTC_dfbe9.dir/CMakeCCompilerABI.c.o' '-c' '-march=rv64gcxthead' '-mabi=lp64d' '-march=rv64imafdc_xtheadc'
 /home/seahi/workspace/Ai-M6x/AiPi-Open-Kits/aithinker_Ai-M6X_SDK/toolchain/bin/../lib/gcc/riscv64-unknown-elf/10.2.0/../../../../riscv64-unknown-elf/bin/as -v --traditional-format -march=rv64gcxthead -march=rv64imafdc_xtheadc -mabi=lp64d -o CMakeFiles/cmTC_dfbe9.dir/CMakeCCompilerABI.c.o /tmp/ccXKj8PZ.s
GNU assembler version 2.35 (riscv64-unknown-elf) using BFD version (GNU Binutils) 2.35
COMPILER_PATH=/home/seahi/workspace/Ai-M6x/AiPi-Open-Kits/aithinker_Ai-M6X_SDK/toolchain/bin/../libexec/gcc/riscv64-unknown-elf/10.2.0/:/home/seahi/workspace/Ai-M6x/AiPi-Open-Kits/aithinker_Ai-M6X_SDK/toolchain/bin/../libexec/gcc/:/home/seahi/workspace/Ai-M6x/AiPi-Open-Kits/aithinker_Ai-M6X_SDK/toolchain/bin/../lib/gcc/riscv64-unknown-elf/10.2.0/../../../../riscv64-unknown-elf/bin/
LIBRARY_PATH=/home/seahi/workspace/Ai-M6x/AiPi-Open-Kits/aithinker_Ai-M6X_SDK/toolchain/bin/../lib/gcc/riscv64-unknown-elf/10.2.0/rv64imafdc_zfh_xtheadc/lp64d/:/home/seahi/workspace/Ai-M6x/AiPi-Open-Kits/aithinker_Ai-M6X_SDK/toolchain/bin/../lib/gcc/riscv64-unknown-elf/10.2.0/../../../../riscv64-unknown-elf/lib/rv64imafdc_zfh_xtheadc/lp64d/:/home/seahi/workspace/Ai-M6x/AiPi-Open-Kits/aithinker_Ai-M6X_SDK/toolchain/bin/../riscv64-unknown-elf/lib/rv64imafdc_zfh_xtheadc/lp64d/:/home/seahi/workspace/Ai-M6x/AiPi-Open-Kits/aithinker_Ai-M6X_SDK/toolchain/bin/../lib/gcc/riscv64-unknown-elf/10.2.0/:/home/seahi/workspace/Ai-M6x/AiPi-Open-Kits/aithinker_Ai-M6X_SDK/toolchain/bin/../lib/gcc/:/home/seahi/workspace/Ai-M6x/AiPi-Open-Kits/aithinker_Ai-M6X_SDK/toolchain/bin/../lib/gcc/riscv64-unknown-elf/10.2.0/../../../../riscv64-unknown-elf/lib/:/home/seahi/workspace/Ai-M6x/AiPi-Open-Kits/aithinker_Ai-M6X_SDK/toolchain/bin/../riscv64-unknown-elf/lib/
COLLECT_GCC_OPTIONS='-v' '-o' 'CMakeFiles/cmTC_dfbe9.dir/CMakeCCompilerABI.c.o' '-c' '-march=rv64gcxthead' '-mabi=lp64d' '-march=rv64imafdc_xtheadc'
Linking C executable cmTC_dfbe9
/home/seahi/workspace/Ai-M6x/AiPi-Open-Kits/aithinker_Ai-M6X_SDK/tools/cmake/bin/cmake -E cmake_link_script CMakeFiles/cmTC_dfbe9.dir/link.txt --verbose=1
/home/seahi/workspace/Ai-M6x/AiPi-Open-Kits/aithinker_Ai-M6X_SDK/toolchain/bin/riscv64-unknown-elf-gcc  -v CMakeFiles/cmTC_dfbe9.dir/CMakeCCompilerABI.c.o -o cmTC_dfbe9 
Using built-in specs.
COLLECT_GCC=/home/seahi/workspace/Ai-M6x/AiPi-Open-Kits/aithinker_Ai-M6X_SDK/toolchain/bin/riscv64-unknown-elf-gcc
COLLECT_LTO_WRAPPER=/home/seahi/workspace/Ai-M6x/AiPi-Open-Kits/aithinker_Ai-M6X_SDK/toolchain/bin/../libexec/gcc/riscv64-unknown-elf/10.2.0/lto-wrapper
Target: riscv64-unknown-elf
Configured with: /mnt/ssd/jenkins_iotsw/slave/workspace/Toolchain/build-gnu-riscv/./source/riscv/riscv-gcc/configure --target=riscv64-unknown-elf --with-gmp=/mnt/ssd/jenkins_iotsw/slave/workspace/Toolchain/build-gnu-riscv/build-gcc-riscv64-unknown-elf/build-Xuantie-900-gcc-elf-newlib-x86_64-V2.6.1/lib-for-gcc-x86_64-linux --with-mpfr=/mnt/ssd/jenkins_iotsw/slave/workspace/Toolchain/build-gnu-riscv/build-gcc-riscv64-unknown-elf/build-Xuantie-900-gcc-elf-newlib-x86_64-V2.6.1/lib-for-gcc-x86_64-linux --with-mpc=/mnt/ssd/jenkins_iotsw/slave/workspace/Toolchain/build-gnu-riscv/build-gcc-riscv64-unknown-elf/build-Xuantie-900-gcc-elf-newlib-x86_64-V2.6.1/lib-for-gcc-x86_64-linux --with-libexpat-prefix=/mnt/ssd/jenkins_iotsw/slave/workspace/Toolchain/build-gnu-riscv/build-gcc-riscv64-unknown-elf/build-Xuantie-900-gcc-elf-newlib-x86_64-V2.6.1/lib-for-gcc-x86_64-linux --with-libmpfr-prefix=/mnt/ssd/jenkins_iotsw/slave/workspace/Toolchain/build-gnu-riscv/build-gcc-riscv64-unknown-elf/build-Xuantie-900-gcc-elf-newlib-x86_64-V2.6.1/lib-for-gcc-x86_64-linux --with-pkgversion='Xuantie-900 elf newlib gcc Toolchain V2.6.1 B-20220906' CXXFLAGS='-g -O2 -DTHEAD_VERSION_NUMBER=2.6.1 ' --enable-libgcctf --prefix=/mnt/ssd/jenkins_iotsw/slave/workspace/Toolchain/build-gnu-riscv/build-gcc-riscv64-unknown-elf/Xuantie-900-gcc-elf-newlib-x86_64-V2.6.1 --disable-shared --enable-threads=posix --enable-languages=c,c++ --with-system-zlib --enable-tls --with-newlib --with-sysroot=/mnt/ssd/jenkins_iotsw/slave/workspace/Toolchain/build-gnu-riscv/build-gcc-riscv64-unknown-elf/Xuantie-900-gcc-elf-newlib-x86_64-V2.6.1/riscv64-unknown-elf --with-native-system-header-dir=/include --disable-libmudflap --disable-libssp --disable-libquadmath --disable-libgomp --disable-nls --disable-tm-clone-registry --src=/mnt/ssd/jenkins_iotsw/slave/workspace/Toolchain/build-gnu-riscv/./source/riscv/riscv-gcc --enable-multilib --with-abi=lp64d --with-arch=rv64gcxthead 'CFLAGS_FOR_TARGET=-Os   -mcmodel=medany' 'CXXFLAGS_FOR_TARGET=-Os   -mcmodel=medany'
Thread model: posix
Supported LTO compression algorithms: zlib
gcc version 10.2.0 (Xuantie-900 elf newlib gcc Toolchain V2.6.1 B-20220906) 
COMPILER_PATH=/home/seahi/workspace/Ai-M6x/AiPi-Open-Kits/aithinker_Ai-M6X_SDK/toolchain/bin/../libexec/gcc/riscv64-unknown-elf/10.2.0/:/home/seahi/workspace/Ai-M6x/AiPi-Open-Kits/aithinker_Ai-M6X_SDK/toolchain/bin/../libexec/gcc/:/home/seahi/workspace/Ai-M6x/AiPi-Open-Kits/aithinker_Ai-M6X_SDK/toolchain/bin/../lib/gcc/riscv64-unknown-elf/10.2.0/../../../../riscv64-unknown-elf/bin/
LIBRARY_PATH=/home/seahi/workspace/Ai-M6x/AiPi-Open-Kits/aithinker_Ai-M6X_SDK/toolchain/bin/../lib/gcc/riscv64-unknown-elf/10.2.0/rv64imafdc_zfh_xtheadc/lp64d/:/home/seahi/workspace/Ai-M6x/AiPi-Open-Kits/aithinker_Ai-M6X_SDK/toolchain/bin/../lib/gcc/riscv64-unknown-elf/10.2.0/../../../../riscv64-unknown-elf/lib/rv64imafdc_zfh_xtheadc/lp64d/:/home/seahi/workspace/Ai-M6x/AiPi-Open-Kits/aithinker_Ai-M6X_SDK/toolchain/bin/../riscv64-unknown-elf/lib/rv64imafdc_zfh_xtheadc/lp64d/:/home/seahi/workspace/Ai-M6x/AiPi-Open-Kits/aithinker_Ai-M6X_SDK/toolchain/bin/../lib/gcc/riscv64-unknown-elf/10.2.0/:/home/seahi/workspace/Ai-M6x/AiPi-Open-Kits/aithinker_Ai-M6X_SDK/toolchain/bin/../lib/gcc/:/home/seahi/workspace/Ai-M6x/AiPi-Open-Kits/aithinker_Ai-M6X_SDK/toolchain/bin/../lib/gcc/riscv64-unknown-elf/10.2.0/../../../../riscv64-unknown-elf/lib/:/home/seahi/workspace/Ai-M6x/AiPi-Open-Kits/aithinker_Ai-M6X_SDK/toolchain/bin/../riscv64-unknown-elf/lib/
COLLECT_GCC_OPTIONS='-v' '-o' 'cmTC_dfbe9' '-march=rv64gcxthead' '-mabi=lp64d' '-march=rv64imafdc_xtheadc'
 /home/seahi/workspace/Ai-M6x/AiPi-Open-Kits/aithinker_Ai-M6X_SDK/toolchain/bin/../libexec/gcc/riscv64-unknown-elf/10.2.0/collect2 -plugin /home/seahi/workspace/Ai-M6x/AiPi-Open-Kits/aithinker_Ai-M6X_SDK/toolchain/bin/../libexec/gcc/riscv64-unknown-elf/10.2.0/liblto_plugin.so -plugin-opt=/home/seahi/workspace/Ai-M6x/AiPi-Open-Kits/aithinker_Ai-M6X_SDK/toolchain/bin/../libexec/gcc/riscv64-unknown-elf/10.2.0/lto-wrapper -plugin-opt=-fresolution=/tmp/cc7ejYl5.res -plugin-opt=-pass-through=-lgcc -plugin-opt=-pass-through=-lc -plugin-opt=-pass-through=-lgloss -plugin-opt=-pass-through=-lgcc --sysroot=/home/seahi/workspace/Ai-M6x/AiPi-Open-Kits/aithinker_Ai-M6X_SDK/toolchain/bin/../riscv64-unknown-elf -melf64lriscv -o cmTC_dfbe9 /home/seahi/workspace/Ai-M6x/AiPi-Open-Kits/aithinker_Ai-M6X_SDK/toolchain/bin/../lib/gcc/riscv64-unknown-elf/10.2.0/../../../../riscv64-unknown-elf/lib/rv64imafdc_zfh_xtheadc/lp64d/crt0.o /home/seahi/workspace/Ai-M6x/AiPi-Open-Kits/aithinker_Ai-M6X_SDK/toolchain/bin/../lib/gcc/riscv64-unknown-elf/10.2.0/rv64imafdc_zfh_xtheadc/lp64d/crtbegin.o -L/home/seahi/workspace/Ai-M6x/AiPi-Open-Kits/aithinker_Ai-M6X_SDK/toolchain/bin/../lib/gcc/riscv64-unknown-elf/10.2.0/rv64imafdc_zfh_xtheadc/lp64d -L/home/seahi/workspace/Ai-M6x/AiPi-Open-Kits/aithinker_Ai-M6X_SDK/toolchain/bin/../lib/gcc/riscv64-unknown-elf/10.2.0/../../../../riscv64-unknown-elf/lib/rv64imafdc_zfh_xtheadc/lp64d -L/home/seahi/workspace/Ai-M6x/AiPi-Open-Kits/aithinker_Ai-M6X_SDK/toolchain/bin/../riscv64-unknown-elf/lib/rv64imafdc_zfh_xtheadc/lp64d -L/home/seahi/workspace/Ai-M6x/AiPi-Open-Kits/aithinker_Ai-M6X_SDK/toolchain/bin/../lib/gcc/riscv64-unknown-elf/10.2.0 -L/home/seahi/workspace/Ai-M6x/AiPi-Open-Kits/aithinker_Ai-M6X_SDK/toolchain/bin/../lib/gcc -L/home/seahi/workspace/Ai-M6x/AiPi-Open-Kits/aithinker_Ai-M6X_SDK/toolchain/bin/../lib/gcc/riscv64-unknown-elf/10.2.0/../../../../riscv64-unknown-elf/lib -L/home/seahi/workspace/Ai-M6x/AiPi-Open-Kits/aithinker_Ai-M6X_SDK/toolchain/bin/../riscv64-unknown-elf/lib CMakeFiles/cmTC_dfbe9.dir/CMakeCCompilerABI.c.o -lgcc --start-group -lc -lgloss --end-group -lgcc /home/seahi/workspace/Ai-M6x/AiPi-Open-Kits/aithinker_Ai-M6X_SDK/toolchain/bin/../lib/gcc/riscv64-unknown-elf/10.2.0/rv64imafdc_zfh_xtheadc/lp64d/crtend.o
COLLECT_GCC_OPTIONS='-v' '-o' 'cmTC_dfbe9' '-march=rv64gcxthead' '-mabi=lp64d' '-march=rv64imafdc_xtheadc'
make[2]: Leaving directory '/home/seahi/workspace/Ai-M6x/AiPi-Open-Kits/aithinker_Ai-M6X_SDK/examples/wifi/sta/wifi_mqtt_pub/build/CMakeFiles/CMakeScratch/TryCompile-GsaIIX'
make[1]: Leaving directory '/home/seahi/workspace/Ai-M6x/AiPi-Open-Kits/aithinker_Ai-M6X_SDK/examples/wifi/sta/wifi_mqtt_pub/build/CMakeFiles/CMakeScratch/TryCompile-GsaIIX'



Parsed C implicit include dir info from above output: rv=done
  found start of include info
  found start of implicit include info
    add: [/home/seahi/workspace/Ai-M6x/AiPi-Open-Kits/aithinker_Ai-M6X_SDK/toolchain/bin/../lib/gcc/riscv64-unknown-elf/10.2.0/include]
    add: [/home/seahi/workspace/Ai-M6x/AiPi-Open-Kits/aithinker_Ai-M6X_SDK/toolchain/bin/../lib/gcc/riscv64-unknown-elf/10.2.0/include-fixed]
    add: [/home/seahi/workspace/Ai-M6x/AiPi-Open-Kits/aithinker_Ai-M6X_SDK/toolchain/bin/../lib/gcc/riscv64-unknown-elf/10.2.0/../../../../riscv64-unknown-elf/include]
  end of search list found
  collapse include dir [/home/seahi/workspace/Ai-M6x/AiPi-Open-Kits/aithinker_Ai-M6X_SDK/toolchain/bin/../lib/gcc/riscv64-unknown-elf/10.2.0/include] ==> [/home/seahi/workspace/Ai-M6x/AiPi-Open-Kits/aithinker_Ai-M6X_SDK/toolchain/lib/gcc/riscv64-unknown-elf/10.2.0/include]
  collapse include dir [/home/seahi/workspace/Ai-M6x/AiPi-Open-Kits/aithinker_Ai-M6X_SDK/toolchain/bin/../lib/gcc/riscv64-unknown-elf/10.2.0/include-fixed] ==> [/home/seahi/workspace/Ai-M6x/AiPi-Open-Kits/aithinker_Ai-M6X_SDK/toolchain/lib/gcc/riscv64-unknown-elf/10.2.0/include-fixed]
  collapse include dir [/home/seahi/workspace/Ai-M6x/AiPi-Open-Kits/aithinker_Ai-M6X_SDK/toolchain/bin/../lib/gcc/riscv64-unknown-elf/10.2.0/../../../../riscv64-unknown-elf/include] ==> [/home/seahi/workspace/Ai-M6x/AiPi-Open-Kits/aithinker_Ai-M6X_SDK/toolchain/riscv64-unknown-elf/include]
  implicit include dirs: [/home/seahi/workspace/Ai-M6x/AiPi-Open-Kits/aithinker_Ai-M6X_SDK/toolchain/lib/gcc/riscv64-unknown-elf/10.2.0/include;/home/seahi/workspace/Ai-M6x/AiPi-Open-Kits/aithinker_Ai-M6X_SDK/toolchain/lib/gcc/riscv64-unknown-elf/10.2.0/include-fixed;/home/seahi/workspace/Ai-M6x/AiPi-Open-Kits/aithinker_Ai-M6X_SDK/toolchain/riscv64-unknown-elf/include]


Parsed C implicit link information from above output:
  link line regex: [^( *|.*[/\])(riscv64-unknown-elf-ld|CMAKE_LINK_STARTFILE-NOTFOUND|([^/\]+-)?ld|collect2)[^/\]*( |$)]
  ignore line: [Change Dir: /home/seahi/workspace/Ai-M6x/AiPi-Open-Kits/aithinker_Ai-M6X_SDK/examples/wifi/sta/wifi_mqtt_pub/build/CMakeFiles/CMakeScratch/TryCompile-GsaIIX]
  ignore line: []
  ignore line: [Run Build Command(s):/bin/make -f Makefile cmTC_dfbe9/fast && make[1]: Entering directory '/home/seahi/workspace/Ai-M6x/AiPi-Open-Kits/aithinker_Ai-M6X_SDK/examples/wifi/sta/wifi_mqtt_pub/build/CMakeFiles/CMakeScratch/TryCompile-GsaIIX']
  ignore line: [/bin/make  -f CMakeFiles/cmTC_dfbe9.dir/build.make CMakeFiles/cmTC_dfbe9.dir/build]
  ignore line: [make[2]: Entering directory '/home/seahi/workspace/Ai-M6x/AiPi-Open-Kits/aithinker_Ai-M6X_SDK/examples/wifi/sta/wifi_mqtt_pub/build/CMakeFiles/CMakeScratch/TryCompile-GsaIIX']
  ignore line: [Building C object CMakeFiles/cmTC_dfbe9.dir/CMakeCCompilerABI.c.o]
  ignore line: [/home/seahi/workspace/Ai-M6x/AiPi-Open-Kits/aithinker_Ai-M6X_SDK/toolchain/bin/riscv64-unknown-elf-gcc   -v -o CMakeFiles/cmTC_dfbe9.dir/CMakeCCompilerABI.c.o -c /home/seahi/workspace/Ai-M6x/AiPi-Open-Kits/aithinker_Ai-M6X_SDK/tools/cmake/share/cmake-3.25/Modules/CMakeCCompilerABI.c]
  ignore line: [Using built-in specs.]
  ignore line: [COLLECT_GCC=/home/seahi/workspace/Ai-M6x/AiPi-Open-Kits/aithinker_Ai-M6X_SDK/toolchain/bin/riscv64-unknown-elf-gcc]
  ignore line: [Target: riscv64-unknown-elf]
  ignore line: [Configured with: /mnt/ssd/jenkins_iotsw/slave/workspace/Toolchain/build-gnu-riscv/./source/riscv/riscv-gcc/configure --target=riscv64-unknown-elf --with-gmp=/mnt/ssd/jenkins_iotsw/slave/workspace/Toolchain/build-gnu-riscv/build-gcc-riscv64-unknown-elf/build-Xuantie-900-gcc-elf-newlib-x86_64-V2.6.1/lib-for-gcc-x86_64-linux --with-mpfr=/mnt/ssd/jenkins_iotsw/slave/workspace/Toolchain/build-gnu-riscv/build-gcc-riscv64-unknown-elf/build-Xuantie-900-gcc-elf-newlib-x86_64-V2.6.1/lib-for-gcc-x86_64-linux --with-mpc=/mnt/ssd/jenkins_iotsw/slave/workspace/Toolchain/build-gnu-riscv/build-gcc-riscv64-unknown-elf/build-Xuantie-900-gcc-elf-newlib-x86_64-V2.6.1/lib-for-gcc-x86_64-linux --with-libexpat-prefix=/mnt/ssd/jenkins_iotsw/slave/workspace/Toolchain/build-gnu-riscv/build-gcc-riscv64-unknown-elf/build-Xuantie-900-gcc-elf-newlib-x86_64-V2.6.1/lib-for-gcc-x86_64-linux --with-libmpfr-prefix=/mnt/ssd/jenkins_iotsw/slave/workspace/Toolchain/build-gnu-riscv/build-gcc-riscv64-unknown-elf/build-Xuantie-900-gcc-elf-newlib-x86_64-V2.6.1/lib-for-gcc-x86_64-linux --with-pkgversion='Xuantie-900 elf newlib gcc Toolchain V2.6.1 B-20220906' CXXFLAGS='-g -O2 -DTHEAD_VERSION_NUMBER=2.6.1 ' --enable-libgcctf --prefix=/mnt/ssd/jenkins_iotsw/slave/workspace/Toolchain/build-gnu-riscv/build-gcc-riscv64-unknown-elf/Xuantie-900-gcc-elf-newlib-x86_64-V2.6.1 --disable-shared --enable-threads=posix --enable-languages=c c++ --with-system-zlib --enable-tls --with-newlib --with-sysroot=/mnt/ssd/jenkins_iotsw/slave/workspace/Toolchain/build-gnu-riscv/build-gcc-riscv64-unknown-elf/Xuantie-900-gcc-elf-newlib-x86_64-V2.6.1/riscv64-unknown-elf --with-native-system-header-dir=/include --disable-libmudflap --disable-libssp --disable-libquadmath --disable-libgomp --disable-nls --disable-tm-clone-registry --src=/mnt/ssd/jenkins_iotsw/slave/workspace/Toolchain/build-gnu-riscv/./source/riscv/riscv-gcc --enable-multilib --with-abi=lp64d --with-arch=rv64gcxthead 'CFLAGS_FOR_TARGET=-Os   -mcmodel=medany' 'CXXFLAGS_FOR_TARGET=-Os   -mcmodel=medany']
  ignore line: [Thread model: posix]
  ignore line: [Supported LTO compression algorithms: zlib]
  ignore line: [gcc version 10.2.0 (Xuantie-900 elf newlib gcc Toolchain V2.6.1 B-20220906) ]
  ignore line: [COLLECT_GCC_OPTIONS='-v' '-o' 'CMakeFiles/cmTC_dfbe9.dir/CMakeCCompilerABI.c.o' '-c' '-march=rv64gcxthead' '-mabi=lp64d' '-march=rv64imafdc_xtheadc']
  ignore line: [ /home/seahi/workspace/Ai-M6x/AiPi-Open-Kits/aithinker_Ai-M6X_SDK/toolchain/bin/../libexec/gcc/riscv64-unknown-elf/10.2.0/cc1 -quiet -v -imultilib rv64imafdc_zfh_xtheadc/lp64d -iprefix /home/seahi/workspace/Ai-M6x/AiPi-Open-Kits/aithinker_Ai-M6X_SDK/toolchain/bin/../lib/gcc/riscv64-unknown-elf/10.2.0/ -isysroot /home/seahi/workspace/Ai-M6x/AiPi-Open-Kits/aithinker_Ai-M6X_SDK/toolchain/bin/../riscv64-unknown-elf /home/seahi/workspace/Ai-M6x/AiPi-Open-Kits/aithinker_Ai-M6X_SDK/tools/cmake/share/cmake-3.25/Modules/CMakeCCompilerABI.c -quiet -dumpbase CMakeCCompilerABI.c -march=rv64gcxthead -mabi=lp64d -march=rv64imafdc_xtheadc -auxbase-strip CMakeFiles/cmTC_dfbe9.dir/CMakeCCompilerABI.c.o -version -o /tmp/ccXKj8PZ.s]
  ignore line: [GNU C17 (Xuantie-900 elf newlib gcc Toolchain V2.6.1 B-20220906) version 10.2.0 (riscv64-unknown-elf)]
  ignore line: [	compiled by GNU C version 6.4.0  GMP version 6.2.0  MPFR version 4.0.2  MPC version 1.1.0  isl version none]
  ignore line: [GGC heuristics: --param ggc-min-expand=100 --param ggc-min-heapsize=131072]
  ignore line: [ignoring duplicate directory "/home/seahi/workspace/Ai-M6x/AiPi-Open-Kits/aithinker_Ai-M6X_SDK/toolchain/bin/../lib/gcc/../../lib/gcc/riscv64-unknown-elf/10.2.0/include"]
  ignore line: [ignoring nonexistent directory "/home/seahi/workspace/Ai-M6x/AiPi-Open-Kits/aithinker_Ai-M6X_SDK/toolchain/bin/../riscv64-unknown-elf/usr/local/include"]
  ignore line: [ignoring duplicate directory "/home/seahi/workspace/Ai-M6x/AiPi-Open-Kits/aithinker_Ai-M6X_SDK/toolchain/bin/../lib/gcc/../../lib/gcc/riscv64-unknown-elf/10.2.0/include-fixed"]
  ignore line: [ignoring duplicate directory "/home/seahi/workspace/Ai-M6x/AiPi-Open-Kits/aithinker_Ai-M6X_SDK/toolchain/bin/../lib/gcc/../../lib/gcc/riscv64-unknown-elf/10.2.0/../../../../riscv64-unknown-elf/include"]
  ignore line: [ignoring duplicate directory "/home/seahi/workspace/Ai-M6x/AiPi-Open-Kits/aithinker_Ai-M6X_SDK/toolchain/bin/../riscv64-unknown-elf/include"]
  ignore line: [#include "..." search starts here:]
  ignore line: [#include <...> search starts here:]
  ignore line: [ /home/seahi/workspace/Ai-M6x/AiPi-Open-Kits/aithinker_Ai-M6X_SDK/toolchain/bin/../lib/gcc/riscv64-unknown-elf/10.2.0/include]
  ignore line: [ /home/seahi/workspace/Ai-M6x/AiPi-Open-Kits/aithinker_Ai-M6X_SDK/toolchain/bin/../lib/gcc/riscv64-unknown-elf/10.2.0/include-fixed]
  ignore line: [ /home/seahi/workspace/Ai-M6x/AiPi-Open-Kits/aithinker_Ai-M6X_SDK/toolchain/bin/../lib/gcc/riscv64-unknown-elf/10.2.0/../../../../riscv64-unknown-elf/include]
  ignore line: [End of search list.]
  ignore line: [GNU C17 (Xuantie-900 elf newlib gcc Toolchain V2.6.1 B-20220906) version 10.2.0 (riscv64-unknown-elf)]
  ignore line: [	compiled by GNU C version 6.4.0  GMP version 6.2.0  MPFR version 4.0.2  MPC version 1.1.0  isl version none]
  ignore line: [GGC heuristics: --param ggc-min-expand=100 --param ggc-min-heapsize=131072]
  ignore line: [Compiler executable checksum: d4902f1ec543c8b1ce8bb3832d5a3c2b]
  ignore line: [COLLECT_GCC_OPTIONS='-v' '-o' 'CMakeFiles/cmTC_dfbe9.dir/CMakeCCompilerABI.c.o' '-c' '-march=rv64gcxthead' '-mabi=lp64d' '-march=rv64imafdc_xtheadc']
  ignore line: [ /home/seahi/workspace/Ai-M6x/AiPi-Open-Kits/aithinker_Ai-M6X_SDK/toolchain/bin/../lib/gcc/riscv64-unknown-elf/10.2.0/../../../../riscv64-unknown-elf/bin/as -v --traditional-format -march=rv64gcxthead -march=rv64imafdc_xtheadc -mabi=lp64d -o CMakeFiles/cmTC_dfbe9.dir/CMakeCCompilerABI.c.o /tmp/ccXKj8PZ.s]
  ignore line: [GNU assembler version 2.35 (riscv64-unknown-elf) using BFD version (GNU Binutils) 2.35]
  ignore line: [COMPILER_PATH=/home/seahi/workspace/Ai-M6x/AiPi-Open-Kits/aithinker_Ai-M6X_SDK/toolchain/bin/../libexec/gcc/riscv64-unknown-elf/10.2.0/:/home/seahi/workspace/Ai-M6x/AiPi-Open-Kits/aithinker_Ai-M6X_SDK/toolchain/bin/../libexec/gcc/:/home/seahi/workspace/Ai-M6x/AiPi-Open-Kits/aithinker_Ai-M6X_SDK/toolchain/bin/../lib/gcc/riscv64-unknown-elf/10.2.0/../../../../riscv64-unknown-elf/bin/]
  ignore line: [LIBRARY_PATH=/home/seahi/workspace/Ai-M6x/AiPi-Open-Kits/aithinker_Ai-M6X_SDK/toolchain/bin/../lib/gcc/riscv64-unknown-elf/10.2.0/rv64imafdc_zfh_xtheadc/lp64d/:/home/seahi/workspace/Ai-M6x/AiPi-Open-Kits/aithinker_Ai-M6X_SDK/toolchain/bin/../lib/gcc/riscv64-unknown-elf/10.2.0/../../../../riscv64-unknown-elf/lib/rv64imafdc_zfh_xtheadc/lp64d/:/home/seahi/workspace/Ai-M6x/AiPi-Open-Kits/aithinker_Ai-M6X_SDK/toolchain/bin/../riscv64-unknown-elf/lib/rv64imafdc_zfh_xtheadc/lp64d/:/home/seahi/workspace/Ai-M6x/AiPi-Open-Kits/aithinker_Ai-M6X_SDK/toolchain/bin/../lib/gcc/riscv64-unknown-elf/10.2.0/:/home/seahi/workspace/Ai-M6x/AiPi-Open-Kits/aithinker_Ai-M6X_SDK/toolchain/bin/../lib/gcc/:/home/seahi/workspace/Ai-M6x/AiPi-Open-Kits/aithinker_Ai-M6X_SDK/toolchain/bin/../lib/gcc/riscv64-unknown-elf/10.2.0/../../../../riscv64-unknown-elf/lib/:/home/seahi/workspace/Ai-M6x/AiPi-Open-Kits/aithinker_Ai-M6X_SDK/toolchain/bin/../riscv64-unknown-elf/lib/]
  ignore line: [COLLECT_GCC_OPTIONS='-v' '-o' 'CMakeFiles/cmTC_dfbe9.dir/CMakeCCompilerABI.c.o' '-c' '-march=rv64gcxthead' '-mabi=lp64d' '-march=rv64imafdc_xtheadc']
  ignore line: [Linking C executable cmTC_dfbe9]
  ignore line: [/home/seahi/workspace/Ai-M6x/AiPi-Open-Kits/aithinker_Ai-M6X_SDK/tools/cmake/bin/cmake -E cmake_link_script CMakeFiles/cmTC_dfbe9.dir/link.txt --verbose=1]
  ignore line: [/home/seahi/workspace/Ai-M6x/AiPi-Open-Kits/aithinker_Ai-M6X_SDK/toolchain/bin/riscv64-unknown-elf-gcc  -v CMakeFiles/cmTC_dfbe9.dir/CMakeCCompilerABI.c.o -o cmTC_dfbe9 ]
  ignore line: [Using built-in specs.]
  ignore line: [COLLECT_GCC=/home/seahi/workspace/Ai-M6x/AiPi-Open-Kits/aithinker_Ai-M6X_SDK/toolchain/bin/riscv64-unknown-elf-gcc]
  ignore line: [COLLECT_LTO_WRAPPER=/home/seahi/workspace/Ai-M6x/AiPi-Open-Kits/aithinker_Ai-M6X_SDK/toolchain/bin/../libexec/gcc/riscv64-unknown-elf/10.2.0/lto-wrapper]
  ignore line: [Target: riscv64-unknown-elf]
  ignore line: [Configured with: /mnt/ssd/jenkins_iotsw/slave/workspace/Toolchain/build-gnu-riscv/./source/riscv/riscv-gcc/configure --target=riscv64-unknown-elf --with-gmp=/mnt/ssd/jenkins_iotsw/slave/workspace/Toolchain/build-gnu-riscv/build-gcc-riscv64-unknown-elf/build-Xuantie-900-gcc-elf-newlib-x86_64-V2.6.1/lib-for-gcc-x86_64-linux --with-mpfr=/mnt/ssd/jenkins_iotsw/slave/workspace/Toolchain/build-gnu-riscv/build-gcc-riscv64-unknown-elf/build-Xuantie-900-gcc-elf-newlib-x86_64-V2.6.1/lib-for-gcc-x86_64-linux --with-mpc=/mnt/ssd/jenkins_iotsw/slave/workspace/Toolchain/build-gnu-riscv/build-gcc-riscv64-unknown-elf/build-Xuantie-900-gcc-elf-newlib-x86_64-V2.6.1/lib-for-gcc-x86_64-linux --with-libexpat-prefix=/mnt/ssd/jenkins_iotsw/slave/workspace/Toolchain/build-gnu-riscv/build-gcc-riscv64-unknown-elf/build-Xuantie-900-gcc-elf-newlib-x86_64-V2.6.1/lib-for-gcc-x86_64-linux --with-libmpfr-prefix=/mnt/ssd/jenkins_iotsw/slave/workspace/Toolchain/build-gnu-riscv/build-gcc-riscv64-unknown-elf/build-Xuantie-900-gcc-elf-newlib-x86_64-V2.6.1/lib-for-gcc-x86_64-linux --with-pkgversion='Xuantie-900 elf newlib gcc Toolchain V2.6.1 B-20220906' CXXFLAGS='-g -O2 -DTHEAD_VERSION_NUMBER=2.6.1 ' --enable-libgcctf --prefix=/mnt/ssd/jenkins_iotsw/slave/workspace/Toolchain/build-gnu-riscv/build-gcc-riscv64-unknown-elf/Xuantie-900-gcc-elf-newlib-x86_64-V2.6.1 --disable-shared --enable-threads=posix --enable-languages=c c++ --with-system-zlib --enable-tls --with-newlib --with-sysroot=/mnt/ssd/jenkins_iotsw/slave/workspace/Toolchain/build-gnu-riscv/build-gcc-riscv64-unknown-elf/Xuantie-900-gcc-elf-newlib-x86_64-V2.6.1/riscv64-unknown-elf --with-native-system-header-dir=/include --disable-libmudflap --disable-libssp --disable-libquadmath --disable-libgomp --disable-nls --disable-tm-clone-registry --src=/mnt/ssd/jenkins_iotsw/slave/workspace/Toolchain/build-gnu-riscv/./source/riscv/riscv-gcc --enable-multilib --with-abi=lp64d --with-arch=rv64gcxthead 'CFLAGS_FOR_TARGET=-Os   -mcmodel=medany' 'CXXFLAGS_FOR_TARGET=-Os   -mcmodel=medany']
  ignore line: [Thread model: posix]
  ignore line: [Supported LTO compression algorithms: zlib]
  ignore line: [gcc version 10.2.0 (Xuantie-900 elf newlib gcc Toolchain V2.6.1 B-20220906) ]
  ignore line: [COMPILER_PATH=/home/seahi/workspace/Ai-M6x/AiPi-Open-Kits/aithinker_Ai-M6X_SDK/toolchain/bin/../libexec/gcc/riscv64-unknown-elf/10.2.0/:/home/seahi/workspace/Ai-M6x/AiPi-Open-Kits/aithinker_Ai-M6X_SDK/toolchain/bin/../libexec/gcc/:/home/seahi/workspace/Ai-M6x/AiPi-Open-Kits/aithinker_Ai-M6X_SDK/toolchain/bin/../lib/gcc/riscv64-unknown-elf/10.2.0/../../../../riscv64-unknown-elf/bin/]
  ignore line: [LIBRARY_PATH=/home/seahi/workspace/Ai-M6x/AiPi-Open-Kits/aithinker_Ai-M6X_SDK/toolchain/bin/../lib/gcc/riscv64-unknown-elf/10.2.0/rv64imafdc_zfh_xtheadc/lp64d/:/home/seahi/workspace/Ai-M6x/AiPi-Open-Kits/aithinker_Ai-M6X_SDK/toolchain/bin/../lib/gcc/riscv64-unknown-elf/10.2.0/../../../../riscv64-unknown-elf/lib/rv64imafdc_zfh_xtheadc/lp64d/:/home/seahi/workspace/Ai-M6x/AiPi-Open-Kits/aithinker_Ai-M6X_SDK/toolchain/bin/../riscv64-unknown-elf/lib/rv64imafdc_zfh_xtheadc/lp64d/:/home/seahi/workspace/Ai-M6x/AiPi-Open-Kits/aithinker_Ai-M6X_SDK/toolchain/bin/../lib/gcc/riscv64-unknown-elf/10.2.0/:/home/seahi/workspace/Ai-M6x/AiPi-Open-Kits/aithinker_Ai-M6X_SDK/toolchain/bin/../lib/gcc/:/home/seahi/workspace/Ai-M6x/AiPi-Open-Kits/aithinker_Ai-M6X_SDK/toolchain/bin/../lib/gcc/riscv64-unknown-elf/10.2.0/../../../../riscv64-unknown-elf/lib/:/home/seahi/workspace/Ai-M6x/AiPi-Open-Kits/aithinker_Ai-M6X_SDK/toolchain/bin/../riscv64-unknown-elf/lib/]
  ignore line: [COLLECT_GCC_OPTIONS='-v' '-o' 'cmTC_dfbe9' '-march=rv64gcxthead' '-mabi=lp64d' '-march=rv64imafdc_xtheadc']
  link line: [ /home/seahi/workspace/Ai-M6x/AiPi-Open-Kits/aithinker_Ai-M6X_SDK/toolchain/bin/../libexec/gcc/riscv64-unknown-elf/10.2.0/collect2 -plugin /home/seahi/workspace/Ai-M6x/AiPi-Open-Kits/aithinker_Ai-M6X_SDK/toolchain/bin/../libexec/gcc/riscv64-unknown-elf/10.2.0/liblto_plugin.so -plugin-opt=/home/seahi/workspace/Ai-M6x/AiPi-Open-Kits/aithinker_Ai-M6X_SDK/toolchain/bin/../libexec/gcc/riscv64-unknown-elf/10.2.0/lto-wrapper -plugin-opt=-fresolution=/tmp/cc7ejYl5.res -plugin-opt=-pass-through=-lgcc -plugin-opt=-pass-through=-lc -plugin-opt=-pass-through=-lgloss -plugin-opt=-pass-through=-lgcc --sysroot=/home/seahi/workspace/Ai-M6x/AiPi-Open-Kits/aithinker_Ai-M6X_SDK/toolchain/bin/../riscv64-unknown-elf -melf64lriscv -o cmTC_dfbe9 /home/seahi/workspace/Ai-M6x/AiPi-Open-Kits/aithinker_Ai-M6X_SDK/toolchain/bin/../lib/gcc/riscv64-unknown-elf/10.2.0/../../../../riscv64-unknown-elf/lib/rv64imafdc_zfh_xtheadc/lp64d/crt0.o /home/seahi/workspace/Ai-M6x/AiPi-Open-Kits/aithinker_Ai-M6X_SDK/toolchain/bin/../lib/gcc/riscv64-unknown-elf/10.2.0/rv64imafdc_zfh_xtheadc/lp64d/crtbegin.o -L/home/seahi/workspace/Ai-M6x/AiPi-Open-Kits/aithinker_Ai-M6X_SDK/toolchain/bin/../lib/gcc/riscv64-unknown-elf/10.2.0/rv64imafdc_zfh_xtheadc/lp64d -L/home/seahi/workspace/Ai-M6x/AiPi-Open-Kits/aithinker_Ai-M6X_SDK/toolchain/bin/../lib/gcc/riscv64-unknown-elf/10.2.0/../../../../riscv64-unknown-elf/lib/rv64imafdc_zfh_xtheadc/lp64d -L/home/seahi/workspace/Ai-M6x/AiPi-Open-Kits/aithinker_Ai-M6X_SDK/toolchain/bin/../riscv64-unknown-elf/lib/rv64imafdc_zfh_xtheadc/lp64d -L/home/seahi/workspace/Ai-M6x/AiPi-Open-Kits/aithinker_Ai-M6X_SDK/toolchain/bin/../lib/gcc/riscv64-unknown-elf/10.2.0 -L/home/seahi/workspace/Ai-M6x/AiPi-Open-Kits/aithinker_Ai-M6X_SDK/toolchain/bin/../lib/gcc -L/home/seahi/workspace/Ai-M6x/AiPi-Open-Kits/aithinker_Ai-M6X_SDK/toolchain/bin/../lib/gcc/riscv64-unknown-elf/10.2.0/../../../../riscv64-unknown-elf/lib -L/home/seahi/workspace/Ai-M6x/AiPi-Open-Kits/aithinker_Ai-M6X_SDK/toolchain/bin/../riscv64-unknown-elf/lib CMakeFiles/cmTC_dfbe9.dir/CMakeCCompilerABI.c.o -lgcc --start-group -lc -lgloss --end-group -lgcc /home/seahi/workspace/Ai-M6x/AiPi-Open-Kits/aithinker_Ai-M6X_SDK/toolchain/bin/../lib/gcc/riscv64-unknown-elf/10.2.0/rv64imafdc_zfh_xtheadc/lp64d/crtend.o]
    arg [/home/seahi/workspace/Ai-M6x/AiPi-Open-Kits/aithinker_Ai-M6X_SDK/toolchain/bin/../libexec/gcc/riscv64-unknown-elf/10.2.0/collect2] ==> ignore
    arg [-plugin] ==> ignore
    arg [/home/seahi/workspace/Ai-M6x/AiPi-Open-Kits/aithinker_Ai-M6X_SDK/toolchain/bin/../libexec/gcc/riscv64-unknown-elf/10.2.0/liblto_plugin.so] ==> ignore
    arg [-plugin-opt=/home/seahi/workspace/Ai-M6x/AiPi-Open-Kits/aithinker_Ai-M6X_SDK/toolchain/bin/../libexec/gcc/riscv64-unknown-elf/10.2.0/lto-wrapper] ==> ignore
    arg [-plugin-opt=-fresolution=/tmp/cc7ejYl5.res] ==> ignore
    arg [-plugin-opt=-pass-through=-lgcc] ==> ignore
    arg [-plugin-opt=-pass-through=-lc] ==> ignore
    arg [-plugin-opt=-pass-through=-lgloss] ==> ignore
    arg [-plugin-opt=-pass-through=-lgcc] ==> ignore
    arg [--sysroot=/home/seahi/workspace/Ai-M6x/AiPi-Open-Kits/aithinker_Ai-M6X_SDK/toolchain/bin/../riscv64-unknown-elf] ==> ignore
    arg [-melf64lriscv] ==> ignore
    arg [-o] ==> ignore
    arg [cmTC_dfbe9] ==> ignore
    arg [/home/seahi/workspace/Ai-M6x/AiPi-Open-Kits/aithinker_Ai-M6X_SDK/toolchain/bin/../lib/gcc/riscv64-unknown-elf/10.2.0/../../../../riscv64-unknown-elf/lib/rv64imafdc_zfh_xtheadc/lp64d/crt0.o] ==> obj [/home/seahi/workspace/Ai-M6x/AiPi-Open-Kits/aithinker_Ai-M6X_SDK/toolchain/bin/../lib/gcc/riscv64-unknown-elf/10.2.0/../../../../riscv64-unknown-elf/lib/rv64imafdc_zfh_xtheadc/lp64d/crt0.o]
    arg [/home/seahi/workspace/Ai-M6x/AiPi-Open-Kits/aithinker_Ai-M6X_SDK/toolchain/bin/../lib/gcc/riscv64-unknown-elf/10.2.0/rv64imafdc_zfh_xtheadc/lp64d/crtbegin.o] ==> obj [/home/seahi/workspace/Ai-M6x/AiPi-Open-Kits/aithinker_Ai-M6X_SDK/toolchain/bin/../lib/gcc/riscv64-unknown-elf/10.2.0/rv64imafdc_zfh_xtheadc/lp64d/crtbegin.o]
    arg [-L/home/seahi/workspace/Ai-M6x/AiPi-Open-Kits/aithinker_Ai-M6X_SDK/toolchain/bin/../lib/gcc/riscv64-unknown-elf/10.2.0/rv64imafdc_zfh_xtheadc/lp64d] ==> dir [/home/seahi/workspace/Ai-M6x/AiPi-Open-Kits/aithinker_Ai-M6X_SDK/toolchain/bin/../lib/gcc/riscv64-unknown-elf/10.2.0/rv64imafdc_zfh_xtheadc/lp64d]
    arg [-L/home/seahi/workspace/Ai-M6x/AiPi-Open-Kits/aithinker_Ai-M6X_SDK/toolchain/bin/../lib/gcc/riscv64-unknown-elf/10.2.0/../../../../riscv64-unknown-elf/lib/rv64imafdc_zfh_xtheadc/lp64d] ==> dir [/home/seahi/workspace/Ai-M6x/AiPi-Open-Kits/aithinker_Ai-M6X_SDK/toolchain/bin/../lib/gcc/riscv64-unknown-elf/10.2.0/../../../../riscv64-unknown-elf/lib/rv64imafdc_zfh_xtheadc/lp64d]
    arg [-L/home/seahi/workspace/Ai-M6x/AiPi-Open-Kits/aithinker_Ai-M6X_SDK/toolchain/bin/../riscv64-unknown-elf/lib/rv64imafdc_zfh_xtheadc/lp64d] ==> dir [/home/seahi/workspace/Ai-M6x/AiPi-Open-Kits/aithinker_Ai-M6X_SDK/toolchain/bin/../riscv64-unknown-elf/lib/rv64imafdc_zfh_xtheadc/lp64d]
    arg [-L/home/seahi/workspace/Ai-M6x/AiPi-Open-Kits/aithinker_Ai-M6X_SDK/toolchain/bin/../lib/gcc/riscv64-unknown-elf/10.2.0] ==> dir [/home/seahi/workspace/Ai-M6x/AiPi-Open-Kits/aithinker_Ai-M6X_SDK/toolchain/bin/../lib/gcc/riscv64-unknown-elf/10.2.0]
    arg [-L/home/seahi/workspace/Ai-M6x/AiPi-Open-Kits/aithinker_Ai-M6X_SDK/toolchain/bin/../lib/gcc] ==> dir [/home/seahi/workspace/Ai-M6x/AiPi-Open-Kits/aithinker_Ai-M6X_SDK/toolchain/bin/../lib/gcc]
    arg [-L/home/seahi/workspace/Ai-M6x/AiPi-Open-Kits/aithinker_Ai-M6X_SDK/toolchain/bin/../lib/gcc/riscv64-unknown-elf/10.2.0/../../../../riscv64-unknown-elf/lib] ==> dir [/home/seahi/workspace/Ai-M6x/AiPi-Open-Kits/aithinker_Ai-M6X_SDK/toolchain/bin/../lib/gcc/riscv64-unknown-elf/10.2.0/../../../../riscv64-unknown-elf/lib]
    arg [-L/home/seahi/workspace/Ai-M6x/AiPi-Open-Kits/aithinker_Ai-M6X_SDK/toolchain/bin/../riscv64-unknown-elf/lib] ==> dir [/home/seahi/workspace/Ai-M6x/AiPi-Open-Kits/aithinker_Ai-M6X_SDK/toolchain/bin/../riscv64-unknown-elf/lib]
    arg [CMakeFiles/cmTC_dfbe9.dir/CMakeCCompilerABI.c.o] ==> ignore
    arg [-lgcc] ==> lib [gcc]
    arg [--start-group] ==> ignore
    arg [-lc] ==> lib [c]
    arg [-lgloss] ==> lib [gloss]
    arg [--end-group] ==> ignore
    arg [-lgcc] ==> lib [gcc]
    arg [/home/seahi/workspace/Ai-M6x/AiPi-Open-Kits/aithinker_Ai-M6X_SDK/toolchain/bin/../lib/gcc/riscv64-unknown-elf/10.2.0/rv64imafdc_zfh_xtheadc/lp64d/crtend.o] ==> obj [/home/seahi/workspace/Ai-M6x/AiPi-Open-Kits/aithinker_Ai-M6X_SDK/toolchain/bin/../lib/gcc/riscv64-unknown-elf/10.2.0/rv64imafdc_zfh_xtheadc/lp64d/crtend.o]
  collapse obj [/home/seahi/workspace/Ai-M6x/AiPi-Open-Kits/aithinker_Ai-M6X_SDK/toolchain/bin/../lib/gcc/riscv64-unknown-elf/10.2.0/../../../../riscv64-unknown-elf/lib/rv64imafdc_zfh_xtheadc/lp64d/crt0.o] ==> [/home/seahi/workspace/Ai-M6x/AiPi-Open-Kits/aithinker_Ai-M6X_SDK/toolchain/riscv64-unknown-elf/lib/rv64imafdc_zfh_xtheadc/lp64d/crt0.o]
  collapse obj [/home/seahi/workspace/Ai-M6x/AiPi-Open-Kits/aithinker_Ai-M6X_SDK/toolchain/bin/../lib/gcc/riscv64-unknown-elf/10.2.0/rv64imafdc_zfh_xtheadc/lp64d/crtbegin.o] ==> [/home/seahi/workspace/Ai-M6x/AiPi-Open-Kits/aithinker_Ai-M6X_SDK/toolchain/lib/gcc/riscv64-unknown-elf/10.2.0/rv64imafdc_zfh_xtheadc/lp64d/crtbegin.o]
  collapse obj [/home/seahi/workspace/Ai-M6x/AiPi-Open-Kits/aithinker_Ai-M6X_SDK/toolchain/bin/../lib/gcc/riscv64-unknown-elf/10.2.0/rv64imafdc_zfh_xtheadc/lp64d/crtend.o] ==> [/home/seahi/workspace/Ai-M6x/AiPi-Open-Kits/aithinker_Ai-M6X_SDK/toolchain/lib/gcc/riscv64-unknown-elf/10.2.0/rv64imafdc_zfh_xtheadc/lp64d/crtend.o]
  collapse library dir [/home/seahi/workspace/Ai-M6x/AiPi-Open-Kits/aithinker_Ai-M6X_SDK/toolchain/bin/../lib/gcc/riscv64-unknown-elf/10.2.0/rv64imafdc_zfh_xtheadc/lp64d] ==> [/home/seahi/workspace/Ai-M6x/AiPi-Open-Kits/aithinker_Ai-M6X_SDK/toolchain/lib/gcc/riscv64-unknown-elf/10.2.0/rv64imafdc_zfh_xtheadc/lp64d]
  collapse library dir [/home/seahi/workspace/Ai-M6x/AiPi-Open-Kits/aithinker_Ai-M6X_SDK/toolchain/bin/../lib/gcc/riscv64-unknown-elf/10.2.0/../../../../riscv64-unknown-elf/lib/rv64imafdc_zfh_xtheadc/lp64d] ==> [/home/seahi/workspace/Ai-M6x/AiPi-Open-Kits/aithinker_Ai-M6X_SDK/toolchain/riscv64-unknown-elf/lib/rv64imafdc_zfh_xtheadc/lp64d]
  collapse library dir [/home/seahi/workspace/Ai-M6x/AiPi-Open-Kits/aithinker_Ai-M6X_SDK/toolchain/bin/../riscv64-unknown-elf/lib/rv64imafdc_zfh_xtheadc/lp64d] ==> [/home/seahi/workspace/Ai-M6x/AiPi-Open-Kits/aithinker_Ai-M6X_SDK/toolchain/riscv64-unknown-elf/lib/rv64imafdc_zfh_xtheadc/lp64d]
  collapse library dir [/home/seahi/workspace/Ai-M6x/AiPi-Open-Kits/aithinker_Ai-M6X_SDK/toolchain/bin/../lib/gcc/riscv64-unknown-elf/10.2.0] ==> [/home/seahi/workspace/Ai-M6x/AiPi-Open-Kits/aithinker_Ai-M6X_SDK/toolchain/lib/gcc/riscv64-unknown-elf/10.2.0]
  collapse library dir [/home/seahi/workspace/Ai-M6x/AiPi-Open-Kits/aithinker_Ai-M6X_SDK/toolchain/bin/../lib/gcc] ==> [/home/seahi/workspace/Ai-M6x/AiPi-Open-Kits/aithinker_Ai-M6X_SDK/toolchain/lib/gcc]
  collapse library dir [/home/seahi/workspace/Ai-M6x/AiPi-Open-Kits/aithinker_Ai-M6X_SDK/toolchain/bin/../lib/gcc/riscv64-unknown-elf/10.2.0/../../../../riscv64-unknown-elf/lib] ==> [/home/seahi/workspace/Ai-M6x/AiPi-Open-Kits/aithinker_Ai-M6X_SDK/toolchain/riscv64-unknown-elf/lib]
  collapse library dir [/home/seahi/workspace/Ai-M6x/AiPi-Open-Kits/aithinker_Ai-M6X_SDK/toolchain/bin/../riscv64-unknown-elf/lib] ==> [/home/seahi/workspace/Ai-M6x/AiPi-Open-Kits/aithinker_Ai-M6X_SDK/toolchain/riscv64-unknown-elf/lib]
  implicit libs: [gcc;c;gloss;gcc]
  implicit objs: [/home/seahi/workspace/Ai-M6x/AiPi-Open-Kits/aithinker_Ai-M6X_SDK/toolchain/riscv64-unknown-elf/lib/rv64imafdc_zfh_xtheadc/lp64d/crt0.o;/home/seahi/workspace/Ai-M6x/AiPi-Open-Kits/aithinker_Ai-M6X_SDK/toolchain/lib/gcc/riscv64-unknown-elf/10.2.0/rv64imafdc_zfh_xtheadc/lp64d/crtbegin.o;/home/seahi/workspace/Ai-M6x/AiPi-Open-Kits/aithinker_Ai-M6X_SDK/toolchain/lib/gcc/riscv64-unknown-elf/10.2.0/rv64imafdc_zfh_xtheadc/lp64d/crtend.o]
  implicit dirs: [/home/seahi/workspace/Ai-M6x/AiPi-Open-Kits/aithinker_Ai-M6X_SDK/toolchain/lib/gcc/riscv64-unknown-elf/10.2.0/rv64imafdc_zfh_xtheadc/lp64d;/home/seahi/workspace/Ai-M6x/AiPi-Open-Kits/aithinker_Ai-M6X_SDK/toolchain/riscv64-unknown-elf/lib/rv64imafdc_zfh_xtheadc/lp64d;/home/seahi/workspace/Ai-M6x/AiPi-Open-Kits/aithinker_Ai-M6X_SDK/toolchain/lib/gcc/riscv64-unknown-elf/10.2.0;/home/seahi/workspace/Ai-M6x/AiPi-Open-Kits/aithinker_Ai-M6X_SDK/toolchain/lib/gcc;/home/seahi/workspace/Ai-M6x/AiPi-Open-Kits/aithinker_Ai-M6X_SDK/toolchain/riscv64-unknown-elf/lib]
  implicit fwks: []


Detecting CXX compiler ABI info compiled with the following output:
Change Dir: /home/seahi/workspace/Ai-M6x/AiPi-Open-Kits/aithinker_Ai-M6X_SDK/examples/wifi/sta/wifi_mqtt_pub/build/CMakeFiles/CMakeScratch/TryCompile-xWkl7W

Run Build Command(s):/bin/make -f Makefile cmTC_f9a44/fast && make[1]: Entering directory '/home/seahi/workspace/Ai-M6x/AiPi-Open-Kits/aithinker_Ai-M6X_SDK/examples/wifi/sta/wifi_mqtt_pub/build/CMakeFiles/CMakeScratch/TryCompile-xWkl7W'
/bin/make  -f CMakeFiles/cmTC_f9a44.dir/build.make CMakeFiles/cmTC_f9a44.dir/build
make[2]: Entering directory '/home/seahi/workspace/Ai-M6x/AiPi-Open-Kits/aithinker_Ai-M6X_SDK/examples/wifi/sta/wifi_mqtt_pub/build/CMakeFiles/CMakeScratch/TryCompile-xWkl7W'
Building CXX object CMakeFiles/cmTC_f9a44.dir/CMakeCXXCompilerABI.cpp.o
/home/seahi/workspace/Ai-M6x/AiPi-Open-Kits/aithinker_Ai-M6X_SDK/toolchain/bin/riscv64-unknown-elf-g++   -v -o CMakeFiles/cmTC_f9a44.dir/CMakeCXXCompilerABI.cpp.o -c /home/seahi/workspace/Ai-M6x/AiPi-Open-Kits/aithinker_Ai-M6X_SDK/tools/cmake/share/cmake-3.25/Modules/CMakeCXXCompilerABI.cpp
Using built-in specs.
COLLECT_GCC=/home/seahi/workspace/Ai-M6x/AiPi-Open-Kits/aithinker_Ai-M6X_SDK/toolchain/bin/riscv64-unknown-elf-g++
Target: riscv64-unknown-elf
Configured with: /mnt/ssd/jenkins_iotsw/slave/workspace/Toolchain/build-gnu-riscv/./source/riscv/riscv-gcc/configure --target=riscv64-unknown-elf --with-gmp=/mnt/ssd/jenkins_iotsw/slave/workspace/Toolchain/build-gnu-riscv/build-gcc-riscv64-unknown-elf/build-Xuantie-900-gcc-elf-newlib-x86_64-V2.6.1/lib-for-gcc-x86_64-linux --with-mpfr=/mnt/ssd/jenkins_iotsw/slave/workspace/Toolchain/build-gnu-riscv/build-gcc-riscv64-unknown-elf/build-Xuantie-900-gcc-elf-newlib-x86_64-V2.6.1/lib-for-gcc-x86_64-linux --with-mpc=/mnt/ssd/jenkins_iotsw/slave/workspace/Toolchain/build-gnu-riscv/build-gcc-riscv64-unknown-elf/build-Xuantie-900-gcc-elf-newlib-x86_64-V2.6.1/lib-for-gcc-x86_64-linux --with-libexpat-prefix=/mnt/ssd/jenkins_iotsw/slave/workspace/Toolchain/build-gnu-riscv/build-gcc-riscv64-unknown-elf/build-Xuantie-900-gcc-elf-newlib-x86_64-V2.6.1/lib-for-gcc-x86_64-linux --with-libmpfr-prefix=/mnt/ssd/jenkins_iotsw/slave/workspace/Toolchain/build-gnu-riscv/build-gcc-riscv64-unknown-elf/build-Xuantie-900-gcc-elf-newlib-x86_64-V2.6.1/lib-for-gcc-x86_64-linux --with-pkgversion='Xuantie-900 elf newlib gcc Toolchain V2.6.1 B-20220906' CXXFLAGS='-g -O2 -DTHEAD_VERSION_NUMBER=2.6.1 ' --enable-libgcctf --prefix=/mnt/ssd/jenkins_iotsw/slave/workspace/Toolchain/build-gnu-riscv/build-gcc-riscv64-unknown-elf/Xuantie-900-gcc-elf-newlib-x86_64-V2.6.1 --disable-shared --enable-threads=posix --enable-languages=c,c++ --with-system-zlib --enable-tls --with-newlib --with-sysroot=/mnt/ssd/jenkins_iotsw/slave/workspace/Toolchain/build-gnu-riscv/build-gcc-riscv64-unknown-elf/Xuantie-900-gcc-elf-newlib-x86_64-V2.6.1/riscv64-unknown-elf --with-native-system-header-dir=/include --disable-libmudflap --disable-libssp --disable-libquadmath --disable-libgomp --disable-nls --disable-tm-clone-registry --src=/mnt/ssd/jenkins_iotsw/slave/workspace/Toolchain/build-gnu-riscv/./source/riscv/riscv-gcc --enable-multilib --with-abi=lp64d --with-arch=rv64gcxthead 'CFLAGS_FOR_TARGET=-Os   -mcmodel=medany' 'CXXFLAGS_FOR_TARGET=-Os   -mcmodel=medany'
Thread model: posix
Supported LTO compression algorithms: zlib
gcc version 10.2.0 (Xuantie-900 elf newlib gcc Toolchain V2.6.1 B-20220906) 
COLLECT_GCC_OPTIONS='-v' '-o' 'CMakeFiles/cmTC_f9a44.dir/CMakeCXXCompilerABI.cpp.o' '-c' '-march=rv64gcxthead' '-mabi=lp64d' '-march=rv64imafdc_xtheadc'
 /home/seahi/workspace/Ai-M6x/AiPi-Open-Kits/aithinker_Ai-M6X_SDK/toolchain/bin/../libexec/gcc/riscv64-unknown-elf/10.2.0/cc1plus -quiet -v -imultilib rv64imafdc_zfh_xtheadc/lp64d -iprefix /home/seahi/workspace/Ai-M6x/AiPi-Open-Kits/aithinker_Ai-M6X_SDK/toolchain/bin/../lib/gcc/riscv64-unknown-elf/10.2.0/ -isysroot /home/seahi/workspace/Ai-M6x/AiPi-Open-Kits/aithinker_Ai-M6X_SDK/toolchain/bin/../riscv64-unknown-elf /home/seahi/workspace/Ai-M6x/AiPi-Open-Kits/aithinker_Ai-M6X_SDK/tools/cmake/share/cmake-3.25/Modules/CMakeCXXCompilerABI.cpp -quiet -dumpbase CMakeCXXCompilerABI.cpp -march=rv64gcxthead -mabi=lp64d -march=rv64imafdc_xtheadc -auxbase-strip CMakeFiles/cmTC_f9a44.dir/CMakeCXXCompilerABI.cpp.o -version -o /tmp/ccjngZu9.s
GNU C++14 (Xuantie-900 elf newlib gcc Toolchain V2.6.1 B-20220906) version 10.2.0 (riscv64-unknown-elf)
	compiled by GNU C version 6.4.0, GMP version 6.2.0, MPFR version 4.0.2, MPC version 1.1.0, isl version none
GGC heuristics: --param ggc-min-expand=100 --param ggc-min-heapsize=131072
ignoring duplicate directory "/home/seahi/workspace/Ai-M6x/AiPi-Open-Kits/aithinker_Ai-M6X_SDK/toolchain/bin/../lib/gcc/../../lib/gcc/riscv64-unknown-elf/10.2.0/../../../../riscv64-unknown-elf/include/c++/10.2.0"
ignoring duplicate directory "/home/seahi/workspace/Ai-M6x/AiPi-Open-Kits/aithinker_Ai-M6X_SDK/toolchain/bin/../lib/gcc/../../lib/gcc/riscv64-unknown-elf/10.2.0/../../../../riscv64-unknown-elf/include/c++/10.2.0/riscv64-unknown-elf/rv64imafdc_zfh_xtheadc/lp64d"
ignoring duplicate directory "/home/seahi/workspace/Ai-M6x/AiPi-Open-Kits/aithinker_Ai-M6X_SDK/toolchain/bin/../lib/gcc/../../lib/gcc/riscv64-unknown-elf/10.2.0/../../../../riscv64-unknown-elf/include/c++/10.2.0/backward"
ignoring duplicate directory "/home/seahi/workspace/Ai-M6x/AiPi-Open-Kits/aithinker_Ai-M6X_SDK/toolchain/bin/../lib/gcc/../../lib/gcc/riscv64-unknown-elf/10.2.0/include"
ignoring nonexistent directory "/home/seahi/workspace/Ai-M6x/AiPi-Open-Kits/aithinker_Ai-M6X_SDK/toolchain/bin/../riscv64-unknown-elf/usr/local/include"
ignoring duplicate directory "/home/seahi/workspace/Ai-M6x/AiPi-Open-Kits/aithinker_Ai-M6X_SDK/toolchain/bin/../lib/gcc/../../lib/gcc/riscv64-unknown-elf/10.2.0/include-fixed"
ignoring duplicate directory "/home/seahi/workspace/Ai-M6x/AiPi-Open-Kits/aithinker_Ai-M6X_SDK/toolchain/bin/../lib/gcc/../../lib/gcc/riscv64-unknown-elf/10.2.0/../../../../riscv64-unknown-elf/include"
ignoring duplicate directory "/home/seahi/workspace/Ai-M6x/AiPi-Open-Kits/aithinker_Ai-M6X_SDK/toolchain/bin/../riscv64-unknown-elf/include"
#include "..." search starts here:
#include <...> search starts here:
 /home/seahi/workspace/Ai-M6x/AiPi-Open-Kits/aithinker_Ai-M6X_SDK/toolchain/bin/../lib/gcc/riscv64-unknown-elf/10.2.0/../../../../riscv64-unknown-elf/include/c++/10.2.0
 /home/seahi/workspace/Ai-M6x/AiPi-Open-Kits/aithinker_Ai-M6X_SDK/toolchain/bin/../lib/gcc/riscv64-unknown-elf/10.2.0/../../../../riscv64-unknown-elf/include/c++/10.2.0/riscv64-unknown-elf/rv64imafdc_zfh_xtheadc/lp64d
 /home/seahi/workspace/Ai-M6x/AiPi-Open-Kits/aithinker_Ai-M6X_SDK/toolchain/bin/../lib/gcc/riscv64-unknown-elf/10.2.0/../../../../riscv64-unknown-elf/include/c++/10.2.0/backward
 /home/seahi/workspace/Ai-M6x/AiPi-Open-Kits/aithinker_Ai-M6X_SDK/toolchain/bin/../lib/gcc/riscv64-unknown-elf/10.2.0/include
 /home/seahi/workspace/Ai-M6x/AiPi-Open-Kits/aithinker_Ai-M6X_SDK/toolchain/bin/../lib/gcc/riscv64-unknown-elf/10.2.0/include-fixed
 /home/seahi/workspace/Ai-M6x/AiPi-Open-Kits/aithinker_Ai-M6X_SDK/toolchain/bin/../lib/gcc/riscv64-unknown-elf/10.2.0/../../../../riscv64-unknown-elf/include
End of search list.
GNU C++14 (Xuantie-900 elf newlib gcc Toolchain V2.6.1 B-20220906) version 10.2.0 (riscv64-unknown-elf)
	compiled by GNU C version 6.4.0, GMP version 6.2.0, MPFR version 4.0.2, MPC version 1.1.0, isl version none
GGC heuristics: --param ggc-min-expand=100 --param ggc-min-heapsize=131072
Compiler executable checksum: f924dbd000ee9bf599eef29c1965e72d
COLLECT_GCC_OPTIONS='-v' '-o' 'CMakeFiles/cmTC_f9a44.dir/CMakeCXXCompilerABI.cpp.o' '-c' '-march=rv64gcxthead' '-mabi=lp64d' '-march=rv64imafdc_xtheadc'
 /home/seahi/workspace/Ai-M6x/AiPi-Open-Kits/aithinker_Ai-M6X_SDK/toolchain/bin/../lib/gcc/riscv64-unknown-elf/10.2.0/../../../../riscv64-unknown-elf/bin/as -v --traditional-format -march=rv64gcxthead -march=rv64imafdc_xtheadc -mabi=lp64d -o CMakeFiles/cmTC_f9a44.dir/CMakeCXXCompilerABI.cpp.o /tmp/ccjngZu9.s
GNU assembler version 2.35 (riscv64-unknown-elf) using BFD version (GNU Binutils) 2.35
COMPILER_PATH=/home/seahi/workspace/Ai-M6x/AiPi-Open-Kits/aithinker_Ai-M6X_SDK/toolchain/bin/../libexec/gcc/riscv64-unknown-elf/10.2.0/:/home/seahi/workspace/Ai-M6x/AiPi-Open-Kits/aithinker_Ai-M6X_SDK/toolchain/bin/../libexec/gcc/:/home/seahi/workspace/Ai-M6x/AiPi-Open-Kits/aithinker_Ai-M6X_SDK/toolchain/bin/../lib/gcc/riscv64-unknown-elf/10.2.0/../../../../riscv64-unknown-elf/bin/
LIBRARY_PATH=/home/seahi/workspace/Ai-M6x/AiPi-Open-Kits/aithinker_Ai-M6X_SDK/toolchain/bin/../lib/gcc/riscv64-unknown-elf/10.2.0/rv64imafdc_zfh_xtheadc/lp64d/:/home/seahi/workspace/Ai-M6x/AiPi-Open-Kits/aithinker_Ai-M6X_SDK/toolchain/bin/../lib/gcc/riscv64-unknown-elf/10.2.0/../../../../riscv64-unknown-elf/lib/rv64imafdc_zfh_xtheadc/lp64d/:/home/seahi/workspace/Ai-M6x/AiPi-Open-Kits/aithinker_Ai-M6X_SDK/toolchain/bin/../riscv64-unknown-elf/lib/rv64imafdc_zfh_xtheadc/lp64d/:/home/seahi/workspace/Ai-M6x/AiPi-Open-Kits/aithinker_Ai-M6X_SDK/toolchain/bin/../lib/gcc/riscv64-unknown-elf/10.2.0/:/home/seahi/workspace/Ai-M6x/AiPi-Open-Kits/aithinker_Ai-M6X_SDK/toolchain/bin/../lib/gcc/:/home/seahi/workspace/Ai-M6x/AiPi-Open-Kits/aithinker_Ai-M6X_SDK/toolchain/bin/../lib/gcc/riscv64-unknown-elf/10.2.0/../../../../riscv64-unknown-elf/lib/:/home/seahi/workspace/Ai-M6x/AiPi-Open-Kits/aithinker_Ai-M6X_SDK/toolchain/bin/../riscv64-unknown-elf/lib/
COLLECT_GCC_OPTIONS='-v' '-o' 'CMakeFiles/cmTC_f9a44.dir/CMakeCXXCompilerABI.cpp.o' '-c' '-march=rv64gcxthead' '-mabi=lp64d' '-march=rv64imafdc_xtheadc'
Linking CXX executable cmTC_f9a44
/home/seahi/workspace/Ai-M6x/AiPi-Open-Kits/aithinker_Ai-M6X_SDK/tools/cmake/bin/cmake -E cmake_link_script CMakeFiles/cmTC_f9a44.dir/link.txt --verbose=1
/home/seahi/workspace/Ai-M6x/AiPi-Open-Kits/aithinker_Ai-M6X_SDK/toolchain/bin/riscv64-unknown-elf-g++  -v CMakeFiles/cmTC_f9a44.dir/CMakeCXXCompilerABI.cpp.o -o cmTC_f9a44 
Using built-in specs.
COLLECT_GCC=/home/seahi/workspace/Ai-M6x/AiPi-Open-Kits/aithinker_Ai-M6X_SDK/toolchain/bin/riscv64-unknown-elf-g++
COLLECT_LTO_WRAPPER=/home/seahi/workspace/Ai-M6x/AiPi-Open-Kits/aithinker_Ai-M6X_SDK/toolchain/bin/../libexec/gcc/riscv64-unknown-elf/10.2.0/lto-wrapper
Target: riscv64-unknown-elf
Configured with: /mnt/ssd/jenkins_iotsw/slave/workspace/Toolchain/build-gnu-riscv/./source/riscv/riscv-gcc/configure --target=riscv64-unknown-elf --with-gmp=/mnt/ssd/jenkins_iotsw/slave/workspace/Toolchain/build-gnu-riscv/build-gcc-riscv64-unknown-elf/build-Xuantie-900-gcc-elf-newlib-x86_64-V2.6.1/lib-for-gcc-x86_64-linux --with-mpfr=/mnt/ssd/jenkins_iotsw/slave/workspace/Toolchain/build-gnu-riscv/build-gcc-riscv64-unknown-elf/build-Xuantie-900-gcc-elf-newlib-x86_64-V2.6.1/lib-for-gcc-x86_64-linux --with-mpc=/mnt/ssd/jenkins_iotsw/slave/workspace/Toolchain/build-gnu-riscv/build-gcc-riscv64-unknown-elf/build-Xuantie-900-gcc-elf-newlib-x86_64-V2.6.1/lib-for-gcc-x86_64-linux --with-libexpat-prefix=/mnt/ssd/jenkins_iotsw/slave/workspace/Toolchain/build-gnu-riscv/build-gcc-riscv64-unknown-elf/build-Xuantie-900-gcc-elf-newlib-x86_64-V2.6.1/lib-for-gcc-x86_64-linux --with-libmpfr-prefix=/mnt/ssd/jenkins_iotsw/slave/workspace/Toolchain/build-gnu-riscv/build-gcc-riscv64-unknown-elf/build-Xuantie-900-gcc-elf-newlib-x86_64-V2.6.1/lib-for-gcc-x86_64-linux --with-pkgversion='Xuantie-900 elf newlib gcc Toolchain V2.6.1 B-20220906' CXXFLAGS='-g -O2 -DTHEAD_VERSION_NUMBER=2.6.1 ' --enable-libgcctf --prefix=/mnt/ssd/jenkins_iotsw/slave/workspace/Toolchain/build-gnu-riscv/build-gcc-riscv64-unknown-elf/Xuantie-900-gcc-elf-newlib-x86_64-V2.6.1 --disable-shared --enable-threads=posix --enable-languages=c,c++ --with-system-zlib --enable-tls --with-newlib --with-sysroot=/mnt/ssd/jenkins_iotsw/slave/workspace/Toolchain/build-gnu-riscv/build-gcc-riscv64-unknown-elf/Xuantie-900-gcc-elf-newlib-x86_64-V2.6.1/riscv64-unknown-elf --with-native-system-header-dir=/include --disable-libmudflap --disable-libssp --disable-libquadmath --disable-libgomp --disable-nls --disable-tm-clone-registry --src=/mnt/ssd/jenkins_iotsw/slave/workspace/Toolchain/build-gnu-riscv/./source/riscv/riscv-gcc --enable-multilib --with-abi=lp64d --with-arch=rv64gcxthead 'CFLAGS_FOR_TARGET=-Os   -mcmodel=medany' 'CXXFLAGS_FOR_TARGET=-Os   -mcmodel=medany'
Thread model: posix
Supported LTO compression algorithms: zlib
gcc version 10.2.0 (Xuantie-900 elf newlib gcc Toolchain V2.6.1 B-20220906) 
COMPILER_PATH=/home/seahi/workspace/Ai-M6x/AiPi-Open-Kits/aithinker_Ai-M6X_SDK/toolchain/bin/../libexec/gcc/riscv64-unknown-elf/10.2.0/:/home/seahi/workspace/Ai-M6x/AiPi-Open-Kits/aithinker_Ai-M6X_SDK/toolchain/bin/../libexec/gcc/:/home/seahi/workspace/Ai-M6x/AiPi-Open-Kits/aithinker_Ai-M6X_SDK/toolchain/bin/../lib/gcc/riscv64-unknown-elf/10.2.0/../../../../riscv64-unknown-elf/bin/
LIBRARY_PATH=/home/seahi/workspace/Ai-M6x/AiPi-Open-Kits/aithinker_Ai-M6X_SDK/toolchain/bin/../lib/gcc/riscv64-unknown-elf/10.2.0/rv64imafdc_zfh_xtheadc/lp64d/:/home/seahi/workspace/Ai-M6x/AiPi-Open-Kits/aithinker_Ai-M6X_SDK/toolchain/bin/../lib/gcc/riscv64-unknown-elf/10.2.0/../../../../riscv64-unknown-elf/lib/rv64imafdc_zfh_xtheadc/lp64d/:/home/seahi/workspace/Ai-M6x/AiPi-Open-Kits/aithinker_Ai-M6X_SDK/toolchain/bin/../riscv64-unknown-elf/lib/rv64imafdc_zfh_xtheadc/lp64d/:/home/seahi/workspace/Ai-M6x/AiPi-Open-Kits/aithinker_Ai-M6X_SDK/toolchain/bin/../lib/gcc/riscv64-unknown-elf/10.2.0/:/home/seahi/workspace/Ai-M6x/AiPi-Open-Kits/aithinker_Ai-M6X_SDK/toolchain/bin/../lib/gcc/:/home/seahi/workspace/Ai-M6x/AiPi-Open-Kits/aithinker_Ai-M6X_SDK/toolchain/bin/../lib/gcc/riscv64-unknown-elf/10.2.0/../../../../riscv64-unknown-elf/lib/:/home/seahi/workspace/Ai-M6x/AiPi-Open-Kits/aithinker_Ai-M6X_SDK/toolchain/bin/../riscv64-unknown-elf/lib/
COLLECT_GCC_OPTIONS='-v' '-o' 'cmTC_f9a44' '-march=rv64gcxthead' '-mabi=lp64d' '-march=rv64imafdc_xtheadc'
 /home/seahi/workspace/Ai-M6x/AiPi-Open-Kits/aithinker_Ai-M6X_SDK/toolchain/bin/../libexec/gcc/riscv64-unknown-elf/10.2.0/collect2 -plugin /home/seahi/workspace/Ai-M6x/AiPi-Open-Kits/aithinker_Ai-M6X_SDK/toolchain/bin/../libexec/gcc/riscv64-unknown-elf/10.2.0/liblto_plugin.so -plugin-opt=/home/seahi/workspace/Ai-M6x/AiPi-Open-Kits/aithinker_Ai-M6X_SDK/toolchain/bin/../libexec/gcc/riscv64-unknown-elf/10.2.0/lto-wrapper -plugin-opt=-fresolution=/tmp/ccJ7VVRd.res -plugin-opt=-pass-through=-lgcc -plugin-opt=-pass-through=-lc -plugin-opt=-pass-through=-lgloss -plugin-opt=-pass-through=-lgcc --sysroot=/home/seahi/workspace/Ai-M6x/AiPi-Open-Kits/aithinker_Ai-M6X_SDK/toolchain/bin/../riscv64-unknown-elf -melf64lriscv -o cmTC_f9a44 /home/seahi/workspace/Ai-M6x/AiPi-Open-Kits/aithinker_Ai-M6X_SDK/toolchain/bin/../lib/gcc/riscv64-unknown-elf/10.2.0/../../../../riscv64-unknown-elf/lib/rv64imafdc_zfh_xtheadc/lp64d/crt0.o /home/seahi/workspace/Ai-M6x/AiPi-Open-Kits/aithinker_Ai-M6X_SDK/toolchain/bin/../lib/gcc/riscv64-unknown-elf/10.2.0/rv64imafdc_zfh_xtheadc/lp64d/crtbegin.o -L/home/seahi/workspace/Ai-M6x/AiPi-Open-Kits/aithinker_Ai-M6X_SDK/toolchain/bin/../lib/gcc/riscv64-unknown-elf/10.2.0/rv64imafdc_zfh_xtheadc/lp64d -L/home/seahi/workspace/Ai-M6x/AiPi-Open-Kits/aithinker_Ai-M6X_SDK/toolchain/bin/../lib/gcc/riscv64-unknown-elf/10.2.0/../../../../riscv64-unknown-elf/lib/rv64imafdc_zfh_xtheadc/lp64d -L/home/seahi/workspace/Ai-M6x/AiPi-Open-Kits/aithinker_Ai-M6X_SDK/toolchain/bin/../riscv64-unknown-elf/lib/rv64imafdc_zfh_xtheadc/lp64d -L/home/seahi/workspace/Ai-M6x/AiPi-Open-Kits/aithinker_Ai-M6X_SDK/toolchain/bin/../lib/gcc/riscv64-unknown-elf/10.2.0 -L/home/seahi/workspace/Ai-M6x/AiPi-Open-Kits/aithinker_Ai-M6X_SDK/toolchain/bin/../lib/gcc -L/home/seahi/workspace/Ai-M6x/AiPi-Open-Kits/aithinker_Ai-M6X_SDK/toolchain/bin/../lib/gcc/riscv64-unknown-elf/10.2.0/../../../../riscv64-unknown-elf/lib -L/home/seahi/workspace/Ai-M6x/AiPi-Open-Kits/aithinker_Ai-M6X_SDK/toolchain/bin/../riscv64-unknown-elf/lib CMakeFiles/cmTC_f9a44.dir/CMakeCXXCompilerABI.cpp.o -lstdc++ -lm -lgcc --start-group -lc -lgloss --end-group -lgcc /home/seahi/workspace/Ai-M6x/AiPi-Open-Kits/aithinker_Ai-M6X_SDK/toolchain/bin/../lib/gcc/riscv64-unknown-elf/10.2.0/rv64imafdc_zfh_xtheadc/lp64d/crtend.o
COLLECT_GCC_OPTIONS='-v' '-o' 'cmTC_f9a44' '-march=rv64gcxthead' '-mabi=lp64d' '-march=rv64imafdc_xtheadc'
make[2]: Leaving directory '/home/seahi/workspace/Ai-M6x/AiPi-Open-Kits/aithinker_Ai-M6X_SDK/examples/wifi/sta/wifi_mqtt_pub/build/CMakeFiles/CMakeScratch/TryCompile-xWkl7W'
make[1]: Leaving directory '/home/seahi/workspace/Ai-M6x/AiPi-Open-Kits/aithinker_Ai-M6X_SDK/examples/wifi/sta/wifi_mqtt_pub/build/CMakeFiles/CMakeScratch/TryCompile-xWkl7W'



Parsed CXX implicit include dir info from above output: rv=done
  found start of include info
  found start of implicit include info
    add: [/home/seahi/workspace/Ai-M6x/AiPi-Open-Kits/aithinker_Ai-M6X_SDK/toolchain/bin/../lib/gcc/riscv64-unknown-elf/10.2.0/../../../../riscv64-unknown-elf/include/c++/10.2.0]
    add: [/home/seahi/workspace/Ai-M6x/AiPi-Open-Kits/aithinker_Ai-M6X_SDK/toolchain/bin/../lib/gcc/riscv64-unknown-elf/10.2.0/../../../../riscv64-unknown-elf/include/c++/10.2.0/riscv64-unknown-elf/rv64imafdc_zfh_xtheadc/lp64d]
    add: [/home/seahi/workspace/Ai-M6x/AiPi-Open-Kits/aithinker_Ai-M6X_SDK/toolchain/bin/../lib/gcc/riscv64-unknown-elf/10.2.0/../../../../riscv64-unknown-elf/include/c++/10.2.0/backward]
    add: [/home/seahi/workspace/Ai-M6x/AiPi-Open-Kits/aithinker_Ai-M6X_SDK/toolchain/bin/../lib/gcc/riscv64-unknown-elf/10.2.0/include]
    add: [/home/seahi/workspace/Ai-M6x/AiPi-Open-Kits/aithinker_Ai-M6X_SDK/toolchain/bin/../lib/gcc/riscv64-unknown-elf/10.2.0/include-fixed]
    add: [/home/seahi/workspace/Ai-M6x/AiPi-Open-Kits/aithinker_Ai-M6X_SDK/toolchain/bin/../lib/gcc/riscv64-unknown-elf/10.2.0/../../../../riscv64-unknown-elf/include]
  end of search list found
  collapse include dir [/home/seahi/workspace/Ai-M6x/AiPi-Open-Kits/aithinker_Ai-M6X_SDK/toolchain/bin/../lib/gcc/riscv64-unknown-elf/10.2.0/../../../../riscv64-unknown-elf/include/c++/10.2.0] ==> [/home/seahi/workspace/Ai-M6x/AiPi-Open-Kits/aithinker_Ai-M6X_SDK/toolchain/riscv64-unknown-elf/include/c++/10.2.0]
  collapse include dir [/home/seahi/workspace/Ai-M6x/AiPi-Open-Kits/aithinker_Ai-M6X_SDK/toolchain/bin/../lib/gcc/riscv64-unknown-elf/10.2.0/../../../../riscv64-unknown-elf/include/c++/10.2.0/riscv64-unknown-elf/rv64imafdc_zfh_xtheadc/lp64d] ==> [/home/seahi/workspace/Ai-M6x/AiPi-Open-Kits/aithinker_Ai-M6X_SDK/toolchain/riscv64-unknown-elf/include/c++/10.2.0/riscv64-unknown-elf/rv64imafdc_zfh_xtheadc/lp64d]
  collapse include dir [/home/seahi/workspace/Ai-M6x/AiPi-Open-Kits/aithinker_Ai-M6X_SDK/toolchain/bin/../lib/gcc/riscv64-unknown-elf/10.2.0/../../../../riscv64-unknown-elf/include/c++/10.2.0/backward] ==> [/home/seahi/workspace/Ai-M6x/AiPi-Open-Kits/aithinker_Ai-M6X_SDK/toolchain/riscv64-unknown-elf/include/c++/10.2.0/backward]
  collapse include dir [/home/seahi/workspace/Ai-M6x/AiPi-Open-Kits/aithinker_Ai-M6X_SDK/toolchain/bin/../lib/gcc/riscv64-unknown-elf/10.2.0/include] ==> [/home/seahi/workspace/Ai-M6x/AiPi-Open-Kits/aithinker_Ai-M6X_SDK/toolchain/lib/gcc/riscv64-unknown-elf/10.2.0/include]
  collapse include dir [/home/seahi/workspace/Ai-M6x/AiPi-Open-Kits/aithinker_Ai-M6X_SDK/toolchain/bin/../lib/gcc/riscv64-unknown-elf/10.2.0/include-fixed] ==> [/home/seahi/workspace/Ai-M6x/AiPi-Open-Kits/aithinker_Ai-M6X_SDK/toolchain/lib/gcc/riscv64-unknown-elf/10.2.0/include-fixed]
  collapse include dir [/home/seahi/workspace/Ai-M6x/AiPi-Open-Kits/aithinker_Ai-M6X_SDK/toolchain/bin/../lib/gcc/riscv64-unknown-elf/10.2.0/../../../../riscv64-unknown-elf/include] ==> [/home/seahi/workspace/Ai-M6x/AiPi-Open-Kits/aithinker_Ai-M6X_SDK/toolchain/riscv64-unknown-elf/include]
  implicit include dirs: [/home/seahi/workspace/Ai-M6x/AiPi-Open-Kits/aithinker_Ai-M6X_SDK/toolchain/riscv64-unknown-elf/include/c++/10.2.0;/home/seahi/workspace/Ai-M6x/AiPi-Open-Kits/aithinker_Ai-M6X_SDK/toolchain/riscv64-unknown-elf/include/c++/10.2.0/riscv64-unknown-elf/rv64imafdc_zfh_xtheadc/lp64d;/home/seahi/workspace/Ai-M6x/AiPi-Open-Kits/aithinker_Ai-M6X_SDK/toolchain/riscv64-unknown-elf/include/c++/10.2.0/backward;/home/seahi/workspace/Ai-M6x/AiPi-Open-Kits/aithinker_Ai-M6X_SDK/toolchain/lib/gcc/riscv64-unknown-elf/10.2.0/include;/home/seahi/workspace/Ai-M6x/AiPi-Open-Kits/aithinker_Ai-M6X_SDK/toolchain/lib/gcc/riscv64-unknown-elf/10.2.0/include-fixed;/home/seahi/workspace/Ai-M6x/AiPi-Open-Kits/aithinker_Ai-M6X_SDK/toolchain/riscv64-unknown-elf/include]


Parsed CXX implicit link information from above output:
  link line regex: [^( *|.*[/\])(riscv64-unknown-elf-ld|CMAKE_LINK_STARTFILE-NOTFOUND|([^/\]+-)?ld|collect2)[^/\]*( |$)]
  ignore line: [Change Dir: /home/seahi/workspace/Ai-M6x/AiPi-Open-Kits/aithinker_Ai-M6X_SDK/examples/wifi/sta/wifi_mqtt_pub/build/CMakeFiles/CMakeScratch/TryCompile-xWkl7W]
  ignore line: []
  ignore line: [Run Build Command(s):/bin/make -f Makefile cmTC_f9a44/fast && make[1]: Entering directory '/home/seahi/workspace/Ai-M6x/AiPi-Open-Kits/aithinker_Ai-M6X_SDK/examples/wifi/sta/wifi_mqtt_pub/build/CMakeFiles/CMakeScratch/TryCompile-xWkl7W']
  ignore line: [/bin/make  -f CMakeFiles/cmTC_f9a44.dir/build.make CMakeFiles/cmTC_f9a44.dir/build]
  ignore line: [make[2]: Entering directory '/home/seahi/workspace/Ai-M6x/AiPi-Open-Kits/aithinker_Ai-M6X_SDK/examples/wifi/sta/wifi_mqtt_pub/build/CMakeFiles/CMakeScratch/TryCompile-xWkl7W']
  ignore line: [Building CXX object CMakeFiles/cmTC_f9a44.dir/CMakeCXXCompilerABI.cpp.o]
  ignore line: [/home/seahi/workspace/Ai-M6x/AiPi-Open-Kits/aithinker_Ai-M6X_SDK/toolchain/bin/riscv64-unknown-elf-g++   -v -o CMakeFiles/cmTC_f9a44.dir/CMakeCXXCompilerABI.cpp.o -c /home/seahi/workspace/Ai-M6x/AiPi-Open-Kits/aithinker_Ai-M6X_SDK/tools/cmake/share/cmake-3.25/Modules/CMakeCXXCompilerABI.cpp]
  ignore line: [Using built-in specs.]
  ignore line: [COLLECT_GCC=/home/seahi/workspace/Ai-M6x/AiPi-Open-Kits/aithinker_Ai-M6X_SDK/toolchain/bin/riscv64-unknown-elf-g++]
  ignore line: [Target: riscv64-unknown-elf]
  ignore line: [Configured with: /mnt/ssd/jenkins_iotsw/slave/workspace/Toolchain/build-gnu-riscv/./source/riscv/riscv-gcc/configure --target=riscv64-unknown-elf --with-gmp=/mnt/ssd/jenkins_iotsw/slave/workspace/Toolchain/build-gnu-riscv/build-gcc-riscv64-unknown-elf/build-Xuantie-900-gcc-elf-newlib-x86_64-V2.6.1/lib-for-gcc-x86_64-linux --with-mpfr=/mnt/ssd/jenkins_iotsw/slave/workspace/Toolchain/build-gnu-riscv/build-gcc-riscv64-unknown-elf/build-Xuantie-900-gcc-elf-newlib-x86_64-V2.6.1/lib-for-gcc-x86_64-linux --with-mpc=/mnt/ssd/jenkins_iotsw/slave/workspace/Toolchain/build-gnu-riscv/build-gcc-riscv64-unknown-elf/build-Xuantie-900-gcc-elf-newlib-x86_64-V2.6.1/lib-for-gcc-x86_64-linux --with-libexpat-prefix=/mnt/ssd/jenkins_iotsw/slave/workspace/Toolchain/build-gnu-riscv/build-gcc-riscv64-unknown-elf/build-Xuantie-900-gcc-elf-newlib-x86_64-V2.6.1/lib-for-gcc-x86_64-linux --with-libmpfr-prefix=/mnt/ssd/jenkins_iotsw/slave/workspace/Toolchain/build-gnu-riscv/build-gcc-riscv64-unknown-elf/build-Xuantie-900-gcc-elf-newlib-x86_64-V2.6.1/lib-for-gcc-x86_64-linux --with-pkgversion='Xuantie-900 elf newlib gcc Toolchain V2.6.1 B-20220906' CXXFLAGS='-g -O2 -DTHEAD_VERSION_NUMBER=2.6.1 ' --enable-libgcctf --prefix=/mnt/ssd/jenkins_iotsw/slave/workspace/Toolchain/build-gnu-riscv/build-gcc-riscv64-unknown-elf/Xuantie-900-gcc-elf-newlib-x86_64-V2.6.1 --disable-shared --enable-threads=posix --enable-languages=c c++ --with-system-zlib --enable-tls --with-newlib --with-sysroot=/mnt/ssd/jenkins_iotsw/slave/workspace/Toolchain/build-gnu-riscv/build-gcc-riscv64-unknown-elf/Xuantie-900-gcc-elf-newlib-x86_64-V2.6.1/riscv64-unknown-elf --with-native-system-header-dir=/include --disable-libmudflap --disable-libssp --disable-libquadmath --disable-libgomp --disable-nls --disable-tm-clone-registry --src=/mnt/ssd/jenkins_iotsw/slave/workspace/Toolchain/build-gnu-riscv/./source/riscv/riscv-gcc --enable-multilib --with-abi=lp64d --with-arch=rv64gcxthead 'CFLAGS_FOR_TARGET=-Os   -mcmodel=medany' 'CXXFLAGS_FOR_TARGET=-Os   -mcmodel=medany']
  ignore line: [Thread model: posix]
  ignore line: [Supported LTO compression algorithms: zlib]
  ignore line: [gcc version 10.2.0 (Xuantie-900 elf newlib gcc Toolchain V2.6.1 B-20220906) ]
  ignore line: [COLLECT_GCC_OPTIONS='-v' '-o' 'CMakeFiles/cmTC_f9a44.dir/CMakeCXXCompilerABI.cpp.o' '-c' '-march=rv64gcxthead' '-mabi=lp64d' '-march=rv64imafdc_xtheadc']
  ignore line: [ /home/seahi/workspace/Ai-M6x/AiPi-Open-Kits/aithinker_Ai-M6X_SDK/toolchain/bin/../libexec/gcc/riscv64-unknown-elf/10.2.0/cc1plus -quiet -v -imultilib rv64imafdc_zfh_xtheadc/lp64d -iprefix /home/seahi/workspace/Ai-M6x/AiPi-Open-Kits/aithinker_Ai-M6X_SDK/toolchain/bin/../lib/gcc/riscv64-unknown-elf/10.2.0/ -isysroot /home/seahi/workspace/Ai-M6x/AiPi-Open-Kits/aithinker_Ai-M6X_SDK/toolchain/bin/../riscv64-unknown-elf /home/seahi/workspace/Ai-M6x/AiPi-Open-Kits/aithinker_Ai-M6X_SDK/tools/cmake/share/cmake-3.25/Modules/CMakeCXXCompilerABI.cpp -quiet -dumpbase CMakeCXXCompilerABI.cpp -march=rv64gcxthead -mabi=lp64d -march=rv64imafdc_xtheadc -auxbase-strip CMakeFiles/cmTC_f9a44.dir/CMakeCXXCompilerABI.cpp.o -version -o /tmp/ccjngZu9.s]
  ignore line: [GNU C++14 (Xuantie-900 elf newlib gcc Toolchain V2.6.1 B-20220906) version 10.2.0 (riscv64-unknown-elf)]
  ignore line: [	compiled by GNU C version 6.4.0  GMP version 6.2.0  MPFR version 4.0.2  MPC version 1.1.0  isl version none]
  ignore line: [GGC heuristics: --param ggc-min-expand=100 --param ggc-min-heapsize=131072]
  ignore line: [ignoring duplicate directory "/home/seahi/workspace/Ai-M6x/AiPi-Open-Kits/aithinker_Ai-M6X_SDK/toolchain/bin/../lib/gcc/../../lib/gcc/riscv64-unknown-elf/10.2.0/../../../../riscv64-unknown-elf/include/c++/10.2.0"]
  ignore line: [ignoring duplicate directory "/home/seahi/workspace/Ai-M6x/AiPi-Open-Kits/aithinker_Ai-M6X_SDK/toolchain/bin/../lib/gcc/../../lib/gcc/riscv64-unknown-elf/10.2.0/../../../../riscv64-unknown-elf/include/c++/10.2.0/riscv64-unknown-elf/rv64imafdc_zfh_xtheadc/lp64d"]
  ignore line: [ignoring duplicate directory "/home/seahi/workspace/Ai-M6x/AiPi-Open-Kits/aithinker_Ai-M6X_SDK/toolchain/bin/../lib/gcc/../../lib/gcc/riscv64-unknown-elf/10.2.0/../../../../riscv64-unknown-elf/include/c++/10.2.0/backward"]
  ignore line: [ignoring duplicate directory "/home/seahi/workspace/Ai-M6x/AiPi-Open-Kits/aithinker_Ai-M6X_SDK/toolchain/bin/../lib/gcc/../../lib/gcc/riscv64-unknown-elf/10.2.0/include"]
  ignore line: [ignoring nonexistent directory "/home/seahi/workspace/Ai-M6x/AiPi-Open-Kits/aithinker_Ai-M6X_SDK/toolchain/bin/../riscv64-unknown-elf/usr/local/include"]
  ignore line: [ignoring duplicate directory "/home/seahi/workspace/Ai-M6x/AiPi-Open-Kits/aithinker_Ai-M6X_SDK/toolchain/bin/../lib/gcc/../../lib/gcc/riscv64-unknown-elf/10.2.0/include-fixed"]
  ignore line: [ignoring duplicate directory "/home/seahi/workspace/Ai-M6x/AiPi-Open-Kits/aithinker_Ai-M6X_SDK/toolchain/bin/../lib/gcc/../../lib/gcc/riscv64-unknown-elf/10.2.0/../../../../riscv64-unknown-elf/include"]
  ignore line: [ignoring duplicate directory "/home/seahi/workspace/Ai-M6x/AiPi-Open-Kits/aithinker_Ai-M6X_SDK/toolchain/bin/../riscv64-unknown-elf/include"]
  ignore line: [#include "..." search starts here:]
  ignore line: [#include <...> search starts here:]
  ignore line: [ /home/seahi/workspace/Ai-M6x/AiPi-Open-Kits/aithinker_Ai-M6X_SDK/toolchain/bin/../lib/gcc/riscv64-unknown-elf/10.2.0/../../../../riscv64-unknown-elf/include/c++/10.2.0]
  ignore line: [ /home/seahi/workspace/Ai-M6x/AiPi-Open-Kits/aithinker_Ai-M6X_SDK/toolchain/bin/../lib/gcc/riscv64-unknown-elf/10.2.0/../../../../riscv64-unknown-elf/include/c++/10.2.0/riscv64-unknown-elf/rv64imafdc_zfh_xtheadc/lp64d]
  ignore line: [ /home/seahi/workspace/Ai-M6x/AiPi-Open-Kits/aithinker_Ai-M6X_SDK/toolchain/bin/../lib/gcc/riscv64-unknown-elf/10.2.0/../../../../riscv64-unknown-elf/include/c++/10.2.0/backward]
  ignore line: [ /home/seahi/workspace/Ai-M6x/AiPi-Open-Kits/aithinker_Ai-M6X_SDK/toolchain/bin/../lib/gcc/riscv64-unknown-elf/10.2.0/include]
  ignore line: [ /home/seahi/workspace/Ai-M6x/AiPi-Open-Kits/aithinker_Ai-M6X_SDK/toolchain/bin/../lib/gcc/riscv64-unknown-elf/10.2.0/include-fixed]
  ignore line: [ /home/seahi/workspace/Ai-M6x/AiPi-Open-Kits/aithinker_Ai-M6X_SDK/toolchain/bin/../lib/gcc/riscv64-unknown-elf/10.2.0/../../../../riscv64-unknown-elf/include]
  ignore line: [End of search list.]
  ignore line: [GNU C++14 (Xuantie-900 elf newlib gcc Toolchain V2.6.1 B-20220906) version 10.2.0 (riscv64-unknown-elf)]
  ignore line: [	compiled by GNU C version 6.4.0  GMP version 6.2.0  MPFR version 4.0.2  MPC version 1.1.0  isl version none]
  ignore line: [GGC heuristics: --param ggc-min-expand=100 --param ggc-min-heapsize=131072]
  ignore line: [Compiler executable checksum: f924dbd000ee9bf599eef29c1965e72d]
  ignore line: [COLLECT_GCC_OPTIONS='-v' '-o' 'CMakeFiles/cmTC_f9a44.dir/CMakeCXXCompilerABI.cpp.o' '-c' '-march=rv64gcxthead' '-mabi=lp64d' '-march=rv64imafdc_xtheadc']
  ignore line: [ /home/seahi/workspace/Ai-M6x/AiPi-Open-Kits/aithinker_Ai-M6X_SDK/toolchain/bin/../lib/gcc/riscv64-unknown-elf/10.2.0/../../../../riscv64-unknown-elf/bin/as -v --traditional-format -march=rv64gcxthead -march=rv64imafdc_xtheadc -mabi=lp64d -o CMakeFiles/cmTC_f9a44.dir/CMakeCXXCompilerABI.cpp.o /tmp/ccjngZu9.s]
  ignore line: [GNU assembler version 2.35 (riscv64-unknown-elf) using BFD version (GNU Binutils) 2.35]
  ignore line: [COMPILER_PATH=/home/seahi/workspace/Ai-M6x/AiPi-Open-Kits/aithinker_Ai-M6X_SDK/toolchain/bin/../libexec/gcc/riscv64-unknown-elf/10.2.0/:/home/seahi/workspace/Ai-M6x/AiPi-Open-Kits/aithinker_Ai-M6X_SDK/toolchain/bin/../libexec/gcc/:/home/seahi/workspace/Ai-M6x/AiPi-Open-Kits/aithinker_Ai-M6X_SDK/toolchain/bin/../lib/gcc/riscv64-unknown-elf/10.2.0/../../../../riscv64-unknown-elf/bin/]
  ignore line: [LIBRARY_PATH=/home/seahi/workspace/Ai-M6x/AiPi-Open-Kits/aithinker_Ai-M6X_SDK/toolchain/bin/../lib/gcc/riscv64-unknown-elf/10.2.0/rv64imafdc_zfh_xtheadc/lp64d/:/home/seahi/workspace/Ai-M6x/AiPi-Open-Kits/aithinker_Ai-M6X_SDK/toolchain/bin/../lib/gcc/riscv64-unknown-elf/10.2.0/../../../../riscv64-unknown-elf/lib/rv64imafdc_zfh_xtheadc/lp64d/:/home/seahi/workspace/Ai-M6x/AiPi-Open-Kits/aithinker_Ai-M6X_SDK/toolchain/bin/../riscv64-unknown-elf/lib/rv64imafdc_zfh_xtheadc/lp64d/:/home/seahi/workspace/Ai-M6x/AiPi-Open-Kits/aithinker_Ai-M6X_SDK/toolchain/bin/../lib/gcc/riscv64-unknown-elf/10.2.0/:/home/seahi/workspace/Ai-M6x/AiPi-Open-Kits/aithinker_Ai-M6X_SDK/toolchain/bin/../lib/gcc/:/home/seahi/workspace/Ai-M6x/AiPi-Open-Kits/aithinker_Ai-M6X_SDK/toolchain/bin/../lib/gcc/riscv64-unknown-elf/10.2.0/../../../../riscv64-unknown-elf/lib/:/home/seahi/workspace/Ai-M6x/AiPi-Open-Kits/aithinker_Ai-M6X_SDK/toolchain/bin/../riscv64-unknown-elf/lib/]
  ignore line: [COLLECT_GCC_OPTIONS='-v' '-o' 'CMakeFiles/cmTC_f9a44.dir/CMakeCXXCompilerABI.cpp.o' '-c' '-march=rv64gcxthead' '-mabi=lp64d' '-march=rv64imafdc_xtheadc']
  ignore line: [Linking CXX executable cmTC_f9a44]
  ignore line: [/home/seahi/workspace/Ai-M6x/AiPi-Open-Kits/aithinker_Ai-M6X_SDK/tools/cmake/bin/cmake -E cmake_link_script CMakeFiles/cmTC_f9a44.dir/link.txt --verbose=1]
  ignore line: [/home/seahi/workspace/Ai-M6x/AiPi-Open-Kits/aithinker_Ai-M6X_SDK/toolchain/bin/riscv64-unknown-elf-g++  -v CMakeFiles/cmTC_f9a44.dir/CMakeCXXCompilerABI.cpp.o -o cmTC_f9a44 ]
  ignore line: [Using built-in specs.]
  ignore line: [COLLECT_GCC=/home/seahi/workspace/Ai-M6x/AiPi-Open-Kits/aithinker_Ai-M6X_SDK/toolchain/bin/riscv64-unknown-elf-g++]
  ignore line: [COLLECT_LTO_WRAPPER=/home/seahi/workspace/Ai-M6x/AiPi-Open-Kits/aithinker_Ai-M6X_SDK/toolchain/bin/../libexec/gcc/riscv64-unknown-elf/10.2.0/lto-wrapper]
  ignore line: [Target: riscv64-unknown-elf]
  ignore line: [Configured with: /mnt/ssd/jenkins_iotsw/slave/workspace/Toolchain/build-gnu-riscv/./source/riscv/riscv-gcc/configure --target=riscv64-unknown-elf --with-gmp=/mnt/ssd/jenkins_iotsw/slave/workspace/Toolchain/build-gnu-riscv/build-gcc-riscv64-unknown-elf/build-Xuantie-900-gcc-elf-newlib-x86_64-V2.6.1/lib-for-gcc-x86_64-linux --with-mpfr=/mnt/ssd/jenkins_iotsw/slave/workspace/Toolchain/build-gnu-riscv/build-gcc-riscv64-unknown-elf/build-Xuantie-900-gcc-elf-newlib-x86_64-V2.6.1/lib-for-gcc-x86_64-linux --with-mpc=/mnt/ssd/jenkins_iotsw/slave/workspace/Toolchain/build-gnu-riscv/build-gcc-riscv64-unknown-elf/build-Xuantie-900-gcc-elf-newlib-x86_64-V2.6.1/lib-for-gcc-x86_64-linux --with-libexpat-prefix=/mnt/ssd/jenkins_iotsw/slave/workspace/Toolchain/build-gnu-riscv/build-gcc-riscv64-unknown-elf/build-Xuantie-900-gcc-elf-newlib-x86_64-V2.6.1/lib-for-gcc-x86_64-linux --with-libmpfr-prefix=/mnt/ssd/jenkins_iotsw/slave/workspace/Toolchain/build-gnu-riscv/build-gcc-riscv64-unknown-elf/build-Xuantie-900-gcc-elf-newlib-x86_64-V2.6.1/lib-for-gcc-x86_64-linux --with-pkgversion='Xuantie-900 elf newlib gcc Toolchain V2.6.1 B-20220906' CXXFLAGS='-g -O2 -DTHEAD_VERSION_NUMBER=2.6.1 ' --enable-libgcctf --prefix=/mnt/ssd/jenkins_iotsw/slave/workspace/Toolchain/build-gnu-riscv/build-gcc-riscv64-unknown-elf/Xuantie-900-gcc-elf-newlib-x86_64-V2.6.1 --disable-shared --enable-threads=posix --enable-languages=c c++ --with-system-zlib --enable-tls --with-newlib --with-sysroot=/mnt/ssd/jenkins_iotsw/slave/workspace/Toolchain/build-gnu-riscv/build-gcc-riscv64-unknown-elf/Xuantie-900-gcc-elf-newlib-x86_64-V2.6.1/riscv64-unknown-elf --with-native-system-header-dir=/include --disable-libmudflap --disable-libssp --disable-libquadmath --disable-libgomp --disable-nls --disable-tm-clone-registry --src=/mnt/ssd/jenkins_iotsw/slave/workspace/Toolchain/build-gnu-riscv/./source/riscv/riscv-gcc --enable-multilib --with-abi=lp64d --with-arch=rv64gcxthead 'CFLAGS_FOR_TARGET=-Os   -mcmodel=medany' 'CXXFLAGS_FOR_TARGET=-Os   -mcmodel=medany']
  ignore line: [Thread model: posix]
  ignore line: [Supported LTO compression algorithms: zlib]
  ignore line: [gcc version 10.2.0 (Xuantie-900 elf newlib gcc Toolchain V2.6.1 B-20220906) ]
  ignore line: [COMPILER_PATH=/home/seahi/workspace/Ai-M6x/AiPi-Open-Kits/aithinker_Ai-M6X_SDK/toolchain/bin/../libexec/gcc/riscv64-unknown-elf/10.2.0/:/home/seahi/workspace/Ai-M6x/AiPi-Open-Kits/aithinker_Ai-M6X_SDK/toolchain/bin/../libexec/gcc/:/home/seahi/workspace/Ai-M6x/AiPi-Open-Kits/aithinker_Ai-M6X_SDK/toolchain/bin/../lib/gcc/riscv64-unknown-elf/10.2.0/../../../../riscv64-unknown-elf/bin/]
  ignore line: [LIBRARY_PATH=/home/seahi/workspace/Ai-M6x/AiPi-Open-Kits/aithinker_Ai-M6X_SDK/toolchain/bin/../lib/gcc/riscv64-unknown-elf/10.2.0/rv64imafdc_zfh_xtheadc/lp64d/:/home/seahi/workspace/Ai-M6x/AiPi-Open-Kits/aithinker_Ai-M6X_SDK/toolchain/bin/../lib/gcc/riscv64-unknown-elf/10.2.0/../../../../riscv64-unknown-elf/lib/rv64imafdc_zfh_xtheadc/lp64d/:/home/seahi/workspace/Ai-M6x/AiPi-Open-Kits/aithinker_Ai-M6X_SDK/toolchain/bin/../riscv64-unknown-elf/lib/rv64imafdc_zfh_xtheadc/lp64d/:/home/seahi/workspace/Ai-M6x/AiPi-Open-Kits/aithinker_Ai-M6X_SDK/toolchain/bin/../lib/gcc/riscv64-unknown-elf/10.2.0/:/home/seahi/workspace/Ai-M6x/AiPi-Open-Kits/aithinker_Ai-M6X_SDK/toolchain/bin/../lib/gcc/:/home/seahi/workspace/Ai-M6x/AiPi-Open-Kits/aithinker_Ai-M6X_SDK/toolchain/bin/../lib/gcc/riscv64-unknown-elf/10.2.0/../../../../riscv64-unknown-elf/lib/:/home/seahi/workspace/Ai-M6x/AiPi-Open-Kits/aithinker_Ai-M6X_SDK/toolchain/bin/../riscv64-unknown-elf/lib/]
  ignore line: [COLLECT_GCC_OPTIONS='-v' '-o' 'cmTC_f9a44' '-march=rv64gcxthead' '-mabi=lp64d' '-march=rv64imafdc_xtheadc']
  link line: [ /home/seahi/workspace/Ai-M6x/AiPi-Open-Kits/aithinker_Ai-M6X_SDK/toolchain/bin/../libexec/gcc/riscv64-unknown-elf/10.2.0/collect2 -plugin /home/seahi/workspace/Ai-M6x/AiPi-Open-Kits/aithinker_Ai-M6X_SDK/toolchain/bin/../libexec/gcc/riscv64-unknown-elf/10.2.0/liblto_plugin.so -plugin-opt=/home/seahi/workspace/Ai-M6x/AiPi-Open-Kits/aithinker_Ai-M6X_SDK/toolchain/bin/../libexec/gcc/riscv64-unknown-elf/10.2.0/lto-wrapper -plugin-opt=-fresolution=/tmp/ccJ7VVRd.res -plugin-opt=-pass-through=-lgcc -plugin-opt=-pass-through=-lc -plugin-opt=-pass-through=-lgloss -plugin-opt=-pass-through=-lgcc --sysroot=/home/seahi/workspace/Ai-M6x/AiPi-Open-Kits/aithinker_Ai-M6X_SDK/toolchain/bin/../riscv64-unknown-elf -melf64lriscv -o cmTC_f9a44 /home/seahi/workspace/Ai-M6x/AiPi-Open-Kits/aithinker_Ai-M6X_SDK/toolchain/bin/../lib/gcc/riscv64-unknown-elf/10.2.0/../../../../riscv64-unknown-elf/lib/rv64imafdc_zfh_xtheadc/lp64d/crt0.o /home/seahi/workspace/Ai-M6x/AiPi-Open-Kits/aithinker_Ai-M6X_SDK/toolchain/bin/../lib/gcc/riscv64-unknown-elf/10.2.0/rv64imafdc_zfh_xtheadc/lp64d/crtbegin.o -L/home/seahi/workspace/Ai-M6x/AiPi-Open-Kits/aithinker_Ai-M6X_SDK/toolchain/bin/../lib/gcc/riscv64-unknown-elf/10.2.0/rv64imafdc_zfh_xtheadc/lp64d -L/home/seahi/workspace/Ai-M6x/AiPi-Open-Kits/aithinker_Ai-M6X_SDK/toolchain/bin/../lib/gcc/riscv64-unknown-elf/10.2.0/../../../../riscv64-unknown-elf/lib/rv64imafdc_zfh_xtheadc/lp64d -L/home/seahi/workspace/Ai-M6x/AiPi-Open-Kits/aithinker_Ai-M6X_SDK/toolchain/bin/../riscv64-unknown-elf/lib/rv64imafdc_zfh_xtheadc/lp64d -L/home/seahi/workspace/Ai-M6x/AiPi-Open-Kits/aithinker_Ai-M6X_SDK/toolchain/bin/../lib/gcc/riscv64-unknown-elf/10.2.0 -L/home/seahi/workspace/Ai-M6x/AiPi-Open-Kits/aithinker_Ai-M6X_SDK/toolchain/bin/../lib/gcc -L/home/seahi/workspace/Ai-M6x/AiPi-Open-Kits/aithinker_Ai-M6X_SDK/toolchain/bin/../lib/gcc/riscv64-unknown-elf/10.2.0/../../../../riscv64-unknown-elf/lib -L/home/seahi/workspace/Ai-M6x/AiPi-Open-Kits/aithinker_Ai-M6X_SDK/toolchain/bin/../riscv64-unknown-elf/lib CMakeFiles/cmTC_f9a44.dir/CMakeCXXCompilerABI.cpp.o -lstdc++ -lm -lgcc --start-group -lc -lgloss --end-group -lgcc /home/seahi/workspace/Ai-M6x/AiPi-Open-Kits/aithinker_Ai-M6X_SDK/toolchain/bin/../lib/gcc/riscv64-unknown-elf/10.2.0/rv64imafdc_zfh_xtheadc/lp64d/crtend.o]
    arg [/home/seahi/workspace/Ai-M6x/AiPi-Open-Kits/aithinker_Ai-M6X_SDK/toolchain/bin/../libexec/gcc/riscv64-unknown-elf/10.2.0/collect2] ==> ignore
    arg [-plugin] ==> ignore
    arg [/home/seahi/workspace/Ai-M6x/AiPi-Open-Kits/aithinker_Ai-M6X_SDK/toolchain/bin/../libexec/gcc/riscv64-unknown-elf/10.2.0/liblto_plugin.so] ==> ignore
    arg [-plugin-opt=/home/seahi/workspace/Ai-M6x/AiPi-Open-Kits/aithinker_Ai-M6X_SDK/toolchain/bin/../libexec/gcc/riscv64-unknown-elf/10.2.0/lto-wrapper] ==> ignore
    arg [-plugin-opt=-fresolution=/tmp/ccJ7VVRd.res] ==> ignore
    arg [-plugin-opt=-pass-through=-lgcc] ==> ignore
    arg [-plugin-opt=-pass-through=-lc] ==> ignore
    arg [-plugin-opt=-pass-through=-lgloss] ==> ignore
    arg [-plugin-opt=-pass-through=-lgcc] ==> ignore
    arg [--sysroot=/home/seahi/workspace/Ai-M6x/AiPi-Open-Kits/aithinker_Ai-M6X_SDK/toolchain/bin/../riscv64-unknown-elf] ==> ignore
    arg [-melf64lriscv] ==> ignore
    arg [-o] ==> ignore
    arg [cmTC_f9a44] ==> ignore
    arg [/home/seahi/workspace/Ai-M6x/AiPi-Open-Kits/aithinker_Ai-M6X_SDK/toolchain/bin/../lib/gcc/riscv64-unknown-elf/10.2.0/../../../../riscv64-unknown-elf/lib/rv64imafdc_zfh_xtheadc/lp64d/crt0.o] ==> obj [/home/seahi/workspace/Ai-M6x/AiPi-Open-Kits/aithinker_Ai-M6X_SDK/toolchain/bin/../lib/gcc/riscv64-unknown-elf/10.2.0/../../../../riscv64-unknown-elf/lib/rv64imafdc_zfh_xtheadc/lp64d/crt0.o]
    arg [/home/seahi/workspace/Ai-M6x/AiPi-Open-Kits/aithinker_Ai-M6X_SDK/toolchain/bin/../lib/gcc/riscv64-unknown-elf/10.2.0/rv64imafdc_zfh_xtheadc/lp64d/crtbegin.o] ==> obj [/home/seahi/workspace/Ai-M6x/AiPi-Open-Kits/aithinker_Ai-M6X_SDK/toolchain/bin/../lib/gcc/riscv64-unknown-elf/10.2.0/rv64imafdc_zfh_xtheadc/lp64d/crtbegin.o]
    arg [-L/home/seahi/workspace/Ai-M6x/AiPi-Open-Kits/aithinker_Ai-M6X_SDK/toolchain/bin/../lib/gcc/riscv64-unknown-elf/10.2.0/rv64imafdc_zfh_xtheadc/lp64d] ==> dir [/home/seahi/workspace/Ai-M6x/AiPi-Open-Kits/aithinker_Ai-M6X_SDK/toolchain/bin/../lib/gcc/riscv64-unknown-elf/10.2.0/rv64imafdc_zfh_xtheadc/lp64d]
    arg [-L/home/seahi/workspace/Ai-M6x/AiPi-Open-Kits/aithinker_Ai-M6X_SDK/toolchain/bin/../lib/gcc/riscv64-unknown-elf/10.2.0/../../../../riscv64-unknown-elf/lib/rv64imafdc_zfh_xtheadc/lp64d] ==> dir [/home/seahi/workspace/Ai-M6x/AiPi-Open-Kits/aithinker_Ai-M6X_SDK/toolchain/bin/../lib/gcc/riscv64-unknown-elf/10.2.0/../../../../riscv64-unknown-elf/lib/rv64imafdc_zfh_xtheadc/lp64d]
    arg [-L/home/seahi/workspace/Ai-M6x/AiPi-Open-Kits/aithinker_Ai-M6X_SDK/toolchain/bin/../riscv64-unknown-elf/lib/rv64imafdc_zfh_xtheadc/lp64d] ==> dir [/home/seahi/workspace/Ai-M6x/AiPi-Open-Kits/aithinker_Ai-M6X_SDK/toolchain/bin/../riscv64-unknown-elf/lib/rv64imafdc_zfh_xtheadc/lp64d]
    arg [-L/home/seahi/workspace/Ai-M6x/AiPi-Open-Kits/aithinker_Ai-M6X_SDK/toolchain/bin/../lib/gcc/riscv64-unknown-elf/10.2.0] ==> dir [/home/seahi/workspace/Ai-M6x/AiPi-Open-Kits/aithinker_Ai-M6X_SDK/toolchain/bin/../lib/gcc/riscv64-unknown-elf/10.2.0]
    arg [-L/home/seahi/workspace/Ai-M6x/AiPi-Open-Kits/aithinker_Ai-M6X_SDK/toolchain/bin/../lib/gcc] ==> dir [/home/seahi/workspace/Ai-M6x/AiPi-Open-Kits/aithinker_Ai-M6X_SDK/toolchain/bin/../lib/gcc]
    arg [-L/home/seahi/workspace/Ai-M6x/AiPi-Open-Kits/aithinker_Ai-M6X_SDK/toolchain/bin/../lib/gcc/riscv64-unknown-elf/10.2.0/../../../../riscv64-unknown-elf/lib] ==> dir [/home/seahi/workspace/Ai-M6x/AiPi-Open-Kits/aithinker_Ai-M6X_SDK/toolchain/bin/../lib/gcc/riscv64-unknown-elf/10.2.0/../../../../riscv64-unknown-elf/lib]
    arg [-L/home/seahi/workspace/Ai-M6x/AiPi-Open-Kits/aithinker_Ai-M6X_SDK/toolchain/bin/../riscv64-unknown-elf/lib] ==> dir [/home/seahi/workspace/Ai-M6x/AiPi-Open-Kits/aithinker_Ai-M6X_SDK/toolchain/bin/../riscv64-unknown-elf/lib]
    arg [CMakeFiles/cmTC_f9a44.dir/CMakeCXXCompilerABI.cpp.o] ==> ignore
    arg [-lstdc++] ==> lib [stdc++]
    arg [-lm] ==> lib [m]
    arg [-lgcc] ==> lib [gcc]
    arg [--start-group] ==> ignore
    arg [-lc] ==> lib [c]
    arg [-lgloss] ==> lib [gloss]
    arg [--end-group] ==> ignore
    arg [-lgcc] ==> lib [gcc]
    arg [/home/seahi/workspace/Ai-M6x/AiPi-Open-Kits/aithinker_Ai-M6X_SDK/toolchain/bin/../lib/gcc/riscv64-unknown-elf/10.2.0/rv64imafdc_zfh_xtheadc/lp64d/crtend.o] ==> obj [/home/seahi/workspace/Ai-M6x/AiPi-Open-Kits/aithinker_Ai-M6X_SDK/toolchain/bin/../lib/gcc/riscv64-unknown-elf/10.2.0/rv64imafdc_zfh_xtheadc/lp64d/crtend.o]
  collapse obj [/home/seahi/workspace/Ai-M6x/AiPi-Open-Kits/aithinker_Ai-M6X_SDK/toolchain/bin/../lib/gcc/riscv64-unknown-elf/10.2.0/../../../../riscv64-unknown-elf/lib/rv64imafdc_zfh_xtheadc/lp64d/crt0.o] ==> [/home/seahi/workspace/Ai-M6x/AiPi-Open-Kits/aithinker_Ai-M6X_SDK/toolchain/riscv64-unknown-elf/lib/rv64imafdc_zfh_xtheadc/lp64d/crt0.o]
  collapse obj [/home/seahi/workspace/Ai-M6x/AiPi-Open-Kits/aithinker_Ai-M6X_SDK/toolchain/bin/../lib/gcc/riscv64-unknown-elf/10.2.0/rv64imafdc_zfh_xtheadc/lp64d/crtbegin.o] ==> [/home/seahi/workspace/Ai-M6x/AiPi-Open-Kits/aithinker_Ai-M6X_SDK/toolchain/lib/gcc/riscv64-unknown-elf/10.2.0/rv64imafdc_zfh_xtheadc/lp64d/crtbegin.o]
  collapse obj [/home/seahi/workspace/Ai-M6x/AiPi-Open-Kits/aithinker_Ai-M6X_SDK/toolchain/bin/../lib/gcc/riscv64-unknown-elf/10.2.0/rv64imafdc_zfh_xtheadc/lp64d/crtend.o] ==> [/home/seahi/workspace/Ai-M6x/AiPi-Open-Kits/aithinker_Ai-M6X_SDK/toolchain/lib/gcc/riscv64-unknown-elf/10.2.0/rv64imafdc_zfh_xtheadc/lp64d/crtend.o]
  collapse library dir [/home/seahi/workspace/Ai-M6x/AiPi-Open-Kits/aithinker_Ai-M6X_SDK/toolchain/bin/../lib/gcc/riscv64-unknown-elf/10.2.0/rv64imafdc_zfh_xtheadc/lp64d] ==> [/home/seahi/workspace/Ai-M6x/AiPi-Open-Kits/aithinker_Ai-M6X_SDK/toolchain/lib/gcc/riscv64-unknown-elf/10.2.0/rv64imafdc_zfh_xtheadc/lp64d]
  collapse library dir [/home/seahi/workspace/Ai-M6x/AiPi-Open-Kits/aithinker_Ai-M6X_SDK/toolchain/bin/../lib/gcc/riscv64-unknown-elf/10.2.0/../../../../riscv64-unknown-elf/lib/rv64imafdc_zfh_xtheadc/lp64d] ==> [/home/seahi/workspace/Ai-M6x/AiPi-Open-Kits/aithinker_Ai-M6X_SDK/toolchain/riscv64-unknown-elf/lib/rv64imafdc_zfh_xtheadc/lp64d]
  collapse library dir [/home/seahi/workspace/Ai-M6x/AiPi-Open-Kits/aithinker_Ai-M6X_SDK/toolchain/bin/../riscv64-unknown-elf/lib/rv64imafdc_zfh_xtheadc/lp64d] ==> [/home/seahi/workspace/Ai-M6x/AiPi-Open-Kits/aithinker_Ai-M6X_SDK/toolchain/riscv64-unknown-elf/lib/rv64imafdc_zfh_xtheadc/lp64d]
  collapse library dir [/home/seahi/workspace/Ai-M6x/AiPi-Open-Kits/aithinker_Ai-M6X_SDK/toolchain/bin/../lib/gcc/riscv64-unknown-elf/10.2.0] ==> [/home/seahi/workspace/Ai-M6x/AiPi-Open-Kits/aithinker_Ai-M6X_SDK/toolchain/lib/gcc/riscv64-unknown-elf/10.2.0]
  collapse library dir [/home/seahi/workspace/Ai-M6x/AiPi-Open-Kits/aithinker_Ai-M6X_SDK/toolchain/bin/../lib/gcc] ==> [/home/seahi/workspace/Ai-M6x/AiPi-Open-Kits/aithinker_Ai-M6X_SDK/toolchain/lib/gcc]
  collapse library dir [/home/seahi/workspace/Ai-M6x/AiPi-Open-Kits/aithinker_Ai-M6X_SDK/toolchain/bin/../lib/gcc/riscv64-unknown-elf/10.2.0/../../../../riscv64-unknown-elf/lib] ==> [/home/seahi/workspace/Ai-M6x/AiPi-Open-Kits/aithinker_Ai-M6X_SDK/toolchain/riscv64-unknown-elf/lib]
  collapse library dir [/home/seahi/workspace/Ai-M6x/AiPi-Open-Kits/aithinker_Ai-M6X_SDK/toolchain/bin/../riscv64-unknown-elf/lib] ==> [/home/seahi/workspace/Ai-M6x/AiPi-Open-Kits/aithinker_Ai-M6X_SDK/toolchain/riscv64-unknown-elf/lib]
  implicit libs: [stdc++;m;gcc;c;gloss;gcc]
  implicit objs: [/home/seahi/workspace/Ai-M6x/AiPi-Open-Kits/aithinker_Ai-M6X_SDK/toolchain/riscv64-unknown-elf/lib/rv64imafdc_zfh_xtheadc/lp64d/crt0.o;/home/seahi/workspace/Ai-M6x/AiPi-Open-Kits/aithinker_Ai-M6X_SDK/toolchain/lib/gcc/riscv64-unknown-elf/10.2.0/rv64imafdc_zfh_xtheadc/lp64d/crtbegin.o;/home/seahi/workspace/Ai-M6x/AiPi-Open-Kits/aithinker_Ai-M6X_SDK/toolchain/lib/gcc/riscv64-unknown-elf/10.2.0/rv64imafdc_zfh_xtheadc/lp64d/crtend.o]
  implicit dirs: [/home/seahi/workspace/Ai-M6x/AiPi-Open-Kits/aithinker_Ai-M6X_SDK/toolchain/lib/gcc/riscv64-unknown-elf/10.2.0/rv64imafdc_zfh_xtheadc/lp64d;/home/seahi/workspace/Ai-M6x/AiPi-Open-Kits/aithinker_Ai-M6X_SDK/toolchain/riscv64-unknown-elf/lib/rv64imafdc_zfh_xtheadc/lp64d;/home/seahi/workspace/Ai-M6x/AiPi-Open-Kits/aithinker_Ai-M6X_SDK/toolchain/lib/gcc/riscv64-unknown-elf/10.2.0;/home/seahi/workspace/Ai-M6x/AiPi-Open-Kits/aithinker_Ai-M6X_SDK/toolchain/lib/gcc;/home/seahi/workspace/Ai-M6x/AiPi-Open-Kits/aithinker_Ai-M6X_SDK/toolchain/riscv64-unknown-elf/lib]
  implicit fwks: []


